<?xml version="1.0" encoding="UTF-8" ?>
<testsuites name="vitest tests" tests="12" failures="0" errors="0" time="0.0077865">
    <testsuite name="src/lib/__tests__/sessionVars.test.ts" timestamp="2026-07-31T20:07:14.788Z" hostname="MacBook-Pro-de-Adrian.local" tests="12" failures="0" errors="0" skipped="0" time="0.0077865">
        <testcase classname="src/lib/__tests__/sessionVars.test.ts" name="sessionVars &gt; saves and retrieves a session" time="0.001903959">
            <system-out>
[app] [sessionVars] saveSession { type: &apos;setup&apos;, identifier: &apos;testuser&apos; }
[app] [sessionVars] getSession: valid { type: &apos;setup&apos;, identifier: &apos;testuser&apos; }

            </system-out>
        </testcase>
        <testcase classname="src/lib/__tests__/sessionVars.test.ts" name="sessionVars &gt; returns null when no session" time="0.000248333">
            <system-out>
[app] [sessionVars] getSession: no data {}

            </system-out>
        </testcase>
        <testcase classname="src/lib/__tests__/sessionVars.test.ts" name="sessionVars &gt; clears session" time="0.000262875">
            <system-out>
[app] [sessionVars] saveSession { type: &apos;setup&apos;, identifier: &apos;user&apos; }
[app] [sessionVars] clearSession {}
[app] [sessionVars] getSession: no data {}

            </system-out>
        </testcase>
        <testcase classname="src/lib/__tests__/sessionVars.test.ts" name="sessionVars &gt; renews session expiry" time="0.000326125">
            <system-out>
[app] [sessionVars] saveSession { type: &apos;setup&apos;, identifier: &apos;user&apos; }
[app] [sessionVars] getSession: valid { type: &apos;setup&apos;, identifier: &apos;user&apos; }
[app] [sessionVars] renewSession success {}
[app] [sessionVars] getSession: valid { type: &apos;setup&apos;, identifier: &apos;user&apos; }

            </system-out>
        </testcase>
        <testcase classname="src/lib/__tests__/sessionVars.test.ts" name="sessionVars &gt; handles corrupted data gracefully" time="0.001477708">
            <system-out>
[app] [sessionVars] clearSession {}

            </system-out>
            <system-err>
[app] [sessionVars] getSession error, clearing {
  error: SyntaxError: Unexpected token &apos;o&apos;, &quot;not-json&quot; is not valid JSON
      at JSON.parse (&lt;anonymous&gt;)
      at getSession (/Users/adriancarrascolopez/wedingo/src/lib/sessionVars.ts:34:23)
      at /Users/adriancarrascolopez/wedingo/src/lib/__tests__/sessionVars.test.ts:55:12
      at file:///Users/adriancarrascolopez/wedingo/node_modules/@vitest/runner/dist/chunk-artifact.js:302:11
      at file:///Users/adriancarrascolopez/wedingo/node_modules/@vitest/runner/dist/chunk-artifact.js:1903:26
      at file:///Users/adriancarrascolopez/wedingo/node_modules/@vitest/runner/dist/chunk-artifact.js:2326:20
      at new Promise (&lt;anonymous&gt;)
      at runWithCancel (file:///Users/adriancarrascolopez/wedingo/node_modules/@vitest/runner/dist/chunk-artifact.js:2323:10)
      at file:///Users/adriancarrascolopez/wedingo/node_modules/@vitest/runner/dist/chunk-artifact.js:2305:20
      at new Promise (&lt;anonymous&gt;)
}

            </system-err>
        </testcase>
        <testcase classname="src/lib/__tests__/sessionVars.test.ts" name="sessionVars &gt; handles localStorage write errors gracefully" time="0.000917375">
            <system-out>
[app] [sessionVars] saveSession { type: &apos;setup&apos;, identifier: &apos;user&apos; }
[app] [sessionVars] getSession: no data {}

            </system-out>
            <system-err>
[app] [sessionVars] saveSession error {
  error: Error: QuotaExceededError
      at Object.&lt;anonymous&gt; (/Users/adriancarrascolopez/wedingo/src/lib/__tests__/sessionVars.test.ts:59:93)
      at Object.Mock [as setItem] (file:///Users/adriancarrascolopez/wedingo/node_modules/@vitest/spy/dist/index.js:332:34)
      at saveSession (/Users/adriancarrascolopez/wedingo/src/lib/sessionVars.ts:26:11)
      at /Users/adriancarrascolopez/wedingo/src/lib/__tests__/sessionVars.test.ts:60:18
      at Proxy.assertThrows (file:///Users/adriancarrascolopez/wedingo/node_modules/chai/index.js:2798:5)
      at Proxy.methodWrapper (file:///Users/adriancarrascolopez/wedingo/node_modules/chai/index.js:1700:25)
      at Proxy.&lt;anonymous&gt; (file:///Users/adriancarrascolopez/wedingo/node_modules/@vitest/expect/dist/index.js:1216:12)
      at Proxy.overwritingMethodWrapper (file:///Users/adriancarrascolopez/wedingo/node_modules/chai/index.js:1750:33)
      at Proxy.&lt;anonymous&gt; (file:///Users/adriancarrascolopez/wedingo/node_modules/@vitest/expect/dist/index.js:1552:16)
      at Proxy.&lt;anonymous&gt; (file:///Users/adriancarrascolopez/wedingo/node_modules/@vitest/expect/dist/index.js:1156:15)
}

            </system-err>
        </testcase>
        <testcase classname="src/lib/__tests__/sessionVars.test.ts" name="sessionVars &gt; persists extra fields" time="0.000165542">
            <system-out>
[app] [sessionVars] saveSession { type: &apos;admin&apos;, identifier: &apos;adminuser&apos; }
[app] [sessionVars] getSession: valid { type: &apos;admin&apos;, identifier: &apos;adminuser&apos; }

            </system-out>
        </testcase>
        <testcase classname="src/lib/__tests__/sessionVars.test.ts" name="sessionVars &gt; expired session returns null" time="0.00023575">
            <system-out>
[app] [sessionVars] getSession: expired, clearing { expiresAt: 1, now: 1785528434766 }
[app] [sessionVars] clearSession {}

            </system-out>
        </testcase>
        <testcase classname="src/lib/__tests__/sessionVars.test.ts" name="sessionVars &gt; firestoreSessionExpiry returns a future date" time="0.000321666">
        </testcase>
        <testcase classname="src/lib/__tests__/sessionVars.test.ts" name="sessionVars &gt; renewSession does nothing when no session exists" time="0.000478417">
            <system-out>
[app] [sessionVars] renewSession: no session {}
[app] [sessionVars] getSession: no data {}

            </system-out>
        </testcase>
        <testcase classname="src/lib/__tests__/sessionVars.test.ts" name="sessionVars &gt; renewSession handles corrupted data gracefully" time="0.000388875">
            <system-err>
[app] [sessionVars] renewSession error {
  error: SyntaxError: Unexpected token &apos;o&apos;, &quot;not-json&quot; is not valid JSON
      at JSON.parse (&lt;anonymous&gt;)
      at renewSession (/Users/adriancarrascolopez/wedingo/src/lib/sessionVars.ts:53:23)
      at /Users/adriancarrascolopez/wedingo/src/lib/__tests__/sessionVars.test.ts:94:18
      at Proxy.assertThrows (file:///Users/adriancarrascolopez/wedingo/node_modules/chai/index.js:2798:5)
      at Proxy.methodWrapper (file:///Users/adriancarrascolopez/wedingo/node_modules/chai/index.js:1700:25)
      at Proxy.&lt;anonymous&gt; (file:///Users/adriancarrascolopez/wedingo/node_modules/@vitest/expect/dist/index.js:1216:12)
      at Proxy.overwritingMethodWrapper (file:///Users/adriancarrascolopez/wedingo/node_modules/chai/index.js:1750:33)
      at Proxy.&lt;anonymous&gt; (file:///Users/adriancarrascolopez/wedingo/node_modules/@vitest/expect/dist/index.js:1552:16)
      at Proxy.&lt;anonymous&gt; (file:///Users/adriancarrascolopez/wedingo/node_modules/@vitest/expect/dist/index.js:1156:15)
      at Proxy.methodWrapper (file:///Users/adriancarrascolopez/wedingo/node_modules/chai/index.js:1700:25)
}

            </system-err>
        </testcase>
        <testcase classname="src/lib/__tests__/sessionVars.test.ts" name="sessionVars &gt; renewSession handles storage errors gracefully" time="0.000346708">
            <system-out>
[app] [sessionVars] saveSession { type: &apos;setup&apos;, identifier: &apos;user&apos; }

            </system-out>
            <system-err>
[app] [sessionVars] renewSession error {
  error: Error: fail
      at Object.&lt;anonymous&gt; (/Users/adriancarrascolopez/wedingo/src/lib/__tests__/sessionVars.test.ts:100:48)
      at Object.Mock [as getItem] (file:///Users/adriancarrascolopez/wedingo/node_modules/@vitest/spy/dist/index.js:332:34)
      at renewSession (/Users/adriancarrascolopez/wedingo/src/lib/sessionVars.ts:51:23)
      at /Users/adriancarrascolopez/wedingo/src/lib/__tests__/sessionVars.test.ts:101:18
      at Proxy.assertThrows (file:///Users/adriancarrascolopez/wedingo/node_modules/chai/index.js:2798:5)
      at Proxy.methodWrapper (file:///Users/adriancarrascolopez/wedingo/node_modules/chai/index.js:1700:25)
      at Proxy.&lt;anonymous&gt; (file:///Users/adriancarrascolopez/wedingo/node_modules/@vitest/expect/dist/index.js:1216:12)
      at Proxy.overwritingMethodWrapper (file:///Users/adriancarrascolopez/wedingo/node_modules/chai/index.js:1750:33)
      at Proxy.&lt;anonymous&gt; (file:///Users/adriancarrascolopez/wedingo/node_modules/@vitest/expect/dist/index.js:1552:16)
      at Proxy.&lt;anonymous&gt; (file:///Users/adriancarrascolopez/wedingo/node_modules/@vitest/expect/dist/index.js:1156:15)
}

            </system-err>
        </testcase>
    </testsuite>
</testsuites>
