TN:
SF:src/App.tsx
FN:14,(anonymous_0)
FN:25,(anonymous_1)
FN:26,(anonymous_2)
FN:27,(anonymous_3)
FN:28,(anonymous_4)
FN:29,(anonymous_5)
FN:30,(anonymous_6)
FN:32,AppShell
FN:37,(anonymous_8)
FN:55,(anonymous_9)
FN:56,(anonymous_10)
FN:57,(anonymous_11)
FN:60,(anonymous_12)
FN:66,(anonymous_13)
FN:68,(anonymous_14)
FN:75,(anonymous_15)
FN:82,(anonymous_16)
FN:90,(anonymous_17)
FN:95,(anonymous_18)
FN:99,(anonymous_19)
FN:100,(anonymous_20)
FN:103,(anonymous_21)
FN:108,(anonymous_22)
FN:114,(anonymous_23)
FN:135,(anonymous_24)
FN:135,(anonymous_25)
FN:169,(anonymous_26)
FN:178,(anonymous_27)
FN:179,(anonymous_28)
FN:180,(anonymous_29)
FN:181,(anonymous_30)
FN:182,(anonymous_31)
FN:189,(anonymous_32)
FN:192,(anonymous_33)
FN:194,(anonymous_34)
FN:196,(anonymous_35)
FN:198,(anonymous_36)
FN:223,(anonymous_37)
FN:224,(anonymous_38)
FN:225,(anonymous_39)
FN:230,App
FNF:41
FNH:0
FNDA:0,(anonymous_0)
FNDA:0,(anonymous_1)
FNDA:0,(anonymous_2)
FNDA:0,(anonymous_3)
FNDA:0,(anonymous_4)
FNDA:0,(anonymous_5)
FNDA:0,(anonymous_6)
FNDA:0,AppShell
FNDA:0,(anonymous_8)
FNDA:0,(anonymous_9)
FNDA:0,(anonymous_10)
FNDA:0,(anonymous_11)
FNDA:0,(anonymous_12)
FNDA:0,(anonymous_13)
FNDA:0,(anonymous_14)
FNDA:0,(anonymous_15)
FNDA:0,(anonymous_16)
FNDA:0,(anonymous_17)
FNDA:0,(anonymous_18)
FNDA:0,(anonymous_19)
FNDA:0,(anonymous_20)
FNDA:0,(anonymous_21)
FNDA:0,(anonymous_22)
FNDA:0,(anonymous_23)
FNDA:0,(anonymous_24)
FNDA:0,(anonymous_25)
FNDA:0,(anonymous_26)
FNDA:0,(anonymous_27)
FNDA:0,(anonymous_28)
FNDA:0,(anonymous_29)
FNDA:0,(anonymous_30)
FNDA:0,(anonymous_31)
FNDA:0,(anonymous_32)
FNDA:0,(anonymous_33)
FNDA:0,(anonymous_34)
FNDA:0,(anonymous_35)
FNDA:0,(anonymous_36)
FNDA:0,(anonymous_37)
FNDA:0,(anonymous_38)
FNDA:0,(anonymous_39)
FNDA:0,App
DA:13,0
DA:14,0
DA:25,0
DA:26,0
DA:27,0
DA:28,0
DA:29,0
DA:30,0
DA:33,0
DA:34,0
DA:35,0
DA:37,0
DA:38,0
DA:39,0
DA:40,0
DA:41,0
DA:42,0
DA:43,0
DA:48,0
DA:49,0
DA:50,0
DA:51,0
DA:52,0
DA:53,0
DA:55,0
DA:56,0
DA:57,0
DA:58,0
DA:59,0
DA:60,0
DA:61,0
DA:62,0
DA:66,0
DA:67,0
DA:68,0
DA:72,0
DA:75,0
DA:76,0
DA:77,0
DA:78,0
DA:79,0
DA:82,0
DA:83,0
DA:84,0
DA:85,0
DA:86,0
DA:87,0
DA:90,0
DA:91,0
DA:92,0
DA:95,0
DA:96,0
DA:99,0
DA:100,0
DA:101,0
DA:103,0
DA:104,0
DA:106,0
DA:107,0
DA:108,0
DA:109,0
DA:110,0
DA:114,0
DA:115,0
DA:118,0
DA:135,0
DA:169,0
DA:178,0
DA:179,0
DA:180,0
DA:181,0
DA:182,0
DA:189,0
DA:192,0
DA:194,0
DA:196,0
DA:198,0
DA:223,0
DA:224,0
DA:225,0
DA:231,0
LF:81
LH:0
BRDA:40,0,0,0
BRDA:40,0,1,0
BRDA:42,1,0,0
BRDA:42,1,1,0
BRDA:42,2,0,0
BRDA:42,2,1,0
BRDA:42,2,2,0
BRDA:42,2,3,0
BRDA:67,3,0,0
BRDA:67,3,1,0
BRDA:67,4,0,0
BRDA:67,4,1,0
BRDA:72,5,0,0
BRDA:72,5,1,0
BRDA:72,5,2,0
BRDA:76,6,0,0
BRDA:76,6,1,0
BRDA:78,7,0,0
BRDA:78,7,1,0
BRDA:84,8,0,0
BRDA:84,8,1,0
BRDA:85,9,0,0
BRDA:85,9,1,0
BRDA:86,10,0,0
BRDA:86,10,1,0
BRDA:87,11,0,0
BRDA:87,11,1,0
BRDA:87,12,0,0
BRDA:87,12,1,0
BRDA:87,13,0,0
BRDA:87,13,1,0
BRDA:91,14,0,0
BRDA:91,14,1,0
BRDA:91,15,0,0
BRDA:91,15,1,0
BRDA:92,16,0,0
BRDA:92,16,1,0
BRDA:101,17,0,0
BRDA:101,17,1,0
BRDA:120,18,0,0
BRDA:120,18,1,0
BRDA:139,19,0,0
BRDA:139,19,1,0
BRDA:152,20,0,0
BRDA:152,20,1,0
BRDA:152,21,0,0
BRDA:152,21,1,0
BRDA:152,21,2,0
BRDA:152,21,3,0
BRDA:155,22,0,0
BRDA:155,22,1,0
BRDA:155,22,2,0
BRDA:155,22,3,0
BRDA:157,23,0,0
BRDA:157,23,1,0
BRDA:158,24,0,0
BRDA:158,24,1,0
BRDA:165,25,0,0
BRDA:165,25,1,0
BRDA:165,26,0,0
BRDA:165,26,1,0
BRDA:165,26,2,0
BRDA:165,26,3,0
BRDA:165,27,0,0
BRDA:165,27,1,0
BRDA:167,28,0,0
BRDA:167,28,1,0
BRDA:167,28,2,0
BRDA:170,29,0,0
BRDA:170,29,1,0
BRDA:175,30,0,0
BRDA:175,30,1,0
BRDA:213,31,0,0
BRDA:213,31,1,0
BRDA:224,32,0,0
BRDA:224,32,1,0
BRDA:225,33,0,0
BRDA:225,33,1,0
BRF:78
BRH:0
end_of_record
TN:
SF:src/main.tsx
FNF:0
FNH:0
DA:8,0
LF:1
LH:0
BRF:0
BRH:0
end_of_record
TN:
SF:src/vite-env.d.ts
FNF:0
FNH:0
LF:0
LH:0
BRF:0
BRH:0
end_of_record
TN:
SF:src/components/AccessibilityPanel.tsx
FN:22,loadPrefs
FN:30,savePrefs
FN:34,applyPrefs
FN:60,AccessibilityPanel
FN:66,(anonymous_4)
FN:70,(anonymous_5)
FN:71,(anonymous_6)
FN:78,(anonymous_7)
FN:79,(anonymous_8)
FN:86,(anonymous_9)
FN:87,(anonymous_10)
FN:98,(anonymous_11)
FN:109,(anonymous_12)
FN:114,(anonymous_13)
FN:129,(anonymous_14)
FN:134,(anonymous_15)
FN:144,(anonymous_16)
FN:152,(anonymous_17)
FN:160,(anonymous_18)
FN:168,(anonymous_19)
FN:176,(anonymous_20)
FN:184,(anonymous_21)
FN:192,(anonymous_22)
FN:200,(anonymous_23)
FNF:24
FNH:6
FNDA:1,loadPrefs
FNDA:0,savePrefs
FNDA:1,applyPrefs
FNDA:1,AccessibilityPanel
FNDA:1,(anonymous_4)
FNDA:0,(anonymous_5)
FNDA:0,(anonymous_6)
FNDA:0,(anonymous_7)
FNDA:0,(anonymous_8)
FNDA:0,(anonymous_9)
FNDA:0,(anonymous_10)
FNDA:0,(anonymous_11)
FNDA:3,(anonymous_12)
FNDA:0,(anonymous_13)
FNDA:3,(anonymous_14)
FNDA:0,(anonymous_15)
FNDA:0,(anonymous_16)
FNDA:0,(anonymous_17)
FNDA:0,(anonymous_18)
FNDA:0,(anonymous_19)
FNDA:0,(anonymous_20)
FNDA:0,(anonymous_21)
FNDA:0,(anonymous_22)
FNDA:0,(anonymous_23)
DA:7,1
DA:23,1
DA:24,1
DA:26,1
DA:31,0
DA:35,1
DA:36,1
DA:37,1
DA:38,1
DA:39,1
DA:40,1
DA:41,1
DA:42,1
DA:43,1
DA:44,1
DA:45,0
DA:46,0
DA:48,1
DA:49,1
DA:51,1
DA:52,0
DA:53,0
DA:55,1
DA:56,1
DA:61,1
DA:62,1
DA:63,1
DA:64,1
DA:66,1
DA:67,1
DA:70,1
DA:71,0
DA:72,0
DA:73,0
DA:74,0
DA:78,1
DA:79,0
DA:80,0
DA:81,0
DA:82,0
DA:86,1
DA:87,0
DA:88,0
DA:89,0
DA:90,0
DA:94,1
DA:96,1
DA:98,0
DA:110,3
DA:114,0
DA:130,3
DA:134,0
DA:144,0
DA:152,0
DA:160,0
DA:168,0
DA:176,0
DA:184,0
DA:192,0
DA:200,0
LF:60
LH:32
BRDA:24,0,0,1
BRDA:24,0,1,0
BRDA:24,1,0,1
BRDA:24,1,1,0
BRDA:44,2,0,0
BRDA:44,2,1,1
BRDA:44,3,0,1
BRDA:44,3,1,0
BRDA:51,4,0,0
BRDA:51,4,1,1
BRDA:51,5,0,1
BRDA:51,5,1,0
BRDA:94,6,0,0
BRDA:94,6,1,1
BRDA:113,7,0,1
BRDA:113,7,1,2
BRDA:113,8,0,3
BRDA:113,8,1,3
BRDA:113,8,2,3
BRDA:133,9,0,1
BRDA:133,9,1,2
BRDA:133,10,0,3
BRDA:133,10,1,3
BRF:23
BRH:16
end_of_record
TN:
SF:src/components/AdminTabContent.tsx
FN:3,(anonymous_0)
FN:4,(anonymous_1)
FN:5,(anonymous_2)
FN:6,(anonymous_3)
FN:7,(anonymous_4)
FN:9,AdminTabContent
FNF:6
FNH:0
FNDA:0,(anonymous_0)
FNDA:0,(anonymous_1)
FNDA:0,(anonymous_2)
FNDA:0,(anonymous_3)
FNDA:0,(anonymous_4)
FNDA:0,AdminTabContent
DA:3,0
DA:4,0
DA:5,0
DA:6,0
DA:7,0
DA:9,0
DA:10,0
DA:11,0
DA:12,0
DA:13,0
DA:14,0
DA:15,0
DA:16,0
LF:13
LH:0
BRDA:10,0,0,0
BRDA:10,0,1,0
BRDA:10,0,2,0
BRDA:10,0,3,0
BRDA:10,0,4,0
BRDA:10,0,5,0
BRF:6
BRH:0
end_of_record
TN:
SF:src/components/AdminTabs.tsx
FN:12,AdminTabs
FN:15,(anonymous_1)
FN:19,(anonymous_2)
FNF:3
FNH:3
FNDA:2,AdminTabs
FNDA:12,(anonymous_1)
FNDA:1,(anonymous_2)
DA:3,1
DA:12,1
DA:13,2
DA:16,12
DA:19,1
LF:5
LH:5
BRDA:18,0,0,2
BRDA:18,0,1,10
BRF:2
BRH:2
end_of_record
TN:
SF:src/components/AttendanceChart.tsx
FN:3,DonutChart
FN:55,MiniBar
FN:58,(anonymous_2)
FN:62,(anonymous_3)
FN:80,Legend
FN:83,(anonymous_5)
FNF:6
FNH:0
FNDA:0,DonutChart
FNDA:0,MiniBar
FNDA:0,(anonymous_2)
FNDA:0,(anonymous_3)
FNDA:0,Legend
FNDA:0,(anonymous_5)
DA:4,0
DA:5,0
DA:6,0
DA:7,0
DA:17,0
DA:18,0
DA:19,0
DA:20,0
DA:21,0
DA:23,0
DA:24,0
DA:25,0
DA:27,0
DA:56,0
DA:57,0
DA:58,0
DA:59,0
DA:60,0
DA:63,0
DA:64,0
DA:81,0
DA:84,0
LF:22
LH:0
BRDA:3,0,0,0
BRDA:3,1,0,0
BRDA:6,2,0,0
BRDA:6,2,1,0
BRDA:30,3,0,0
BRDA:30,3,1,0
BRDA:35,4,0,0
BRDA:35,4,1,0
BRDA:40,5,0,0
BRDA:40,5,1,0
BRDA:55,6,0,0
BRDA:55,7,0,0
BRDA:57,8,0,0
BRDA:57,8,1,0
BRDA:58,9,0,0
BRDA:58,9,1,0
BRDA:63,10,0,0
BRDA:63,10,1,0
BRDA:67,11,0,0
BRDA:67,11,1,0
BRDA:70,12,0,0
BRDA:70,12,1,0
BRF:22
BRH:0
end_of_record
TN:
SF:src/components/AttendeeCard.tsx
FN:16,AttendeeCard
FN:19,(anonymous_1)
FN:24,(anonymous_2)
FN:29,(anonymous_3)
FN:33,(anonymous_4)
FN:46,(anonymous_5)
FN:65,(anonymous_6)
FN:73,(anonymous_7)
FN:76,(anonymous_8)
FNF:9
FNH:0
FNDA:0,AttendeeCard
FNDA:0,(anonymous_1)
FNDA:0,(anonymous_2)
FNDA:0,(anonymous_3)
FNDA:0,(anonymous_4)
FNDA:0,(anonymous_5)
FNDA:0,(anonymous_6)
FNDA:0,(anonymous_7)
FNDA:0,(anonymous_8)
DA:16,0
DA:19,0
DA:20,0
DA:24,0
DA:25,0
DA:29,0
DA:31,0
DA:32,0
DA:33,0
DA:35,0
DA:40,0
DA:46,0
DA:65,0
DA:74,0
DA:76,0
LF:15
LH:0
BRDA:31,0,0,0
BRDA:31,0,1,0
BRDA:32,1,0,0
BRDA:32,1,1,0
BRDA:44,2,0,0
BRDA:44,2,1,0
BRDA:55,3,0,0
BRDA:55,3,1,0
BRDA:59,4,0,0
BRDA:59,4,1,0
BRDA:63,5,0,0
BRDA:63,5,1,0
BRDA:75,6,0,0
BRDA:75,6,1,0
BRF:14
BRH:0
end_of_record
TN:
SF:src/components/ChangelogModal.tsx
FN:7,ChangelogModal
FN:12,(anonymous_1)
FN:14,(anonymous_2)
FN:21,(anonymous_3)
FN:26,(anonymous_4)
FN:33,(anonymous_5)
FNF:6
FNH:0
FNDA:0,ChangelogModal
FNDA:0,(anonymous_1)
FNDA:0,(anonymous_2)
FNDA:0,(anonymous_3)
FNDA:0,(anonymous_4)
FNDA:0,(anonymous_5)
DA:7,0
DA:8,0
DA:9,0
DA:10,0
DA:12,0
DA:13,0
DA:14,0
DA:17,0
DA:19,0
DA:21,0
DA:27,0
DA:34,0
LF:12
LH:0
BRDA:20,0,0,0
BRDA:20,0,1,0
BRDA:21,1,0,0
BRDA:21,1,1,0
BRF:4
BRH:0
end_of_record
TN:
SF:src/components/CollapsibleSection.tsx
FN:14,CollapsibleSection
FN:24,(anonymous_1)
FN:29,(anonymous_2)
FN:30,(anonymous_3)
FN:45,(anonymous_4)
FN:51,(anonymous_5)
FN:81,(anonymous_6)
FNF:7
FNH:3
FNDA:15,CollapsibleSection
FNDA:1,(anonymous_1)
FNDA:0,(anonymous_2)
FNDA:0,(anonymous_3)
FNDA:0,(anonymous_4)
FNDA:1,(anonymous_5)
FNDA:0,(anonymous_6)
DA:18,15
DA:19,15
DA:20,15
DA:21,15
DA:22,15
DA:24,15
DA:25,1
DA:26,0
DA:27,0
DA:29,0
DA:30,0
DA:31,0
DA:34,0
DA:36,1
DA:37,1
DA:38,1
DA:39,1
DA:41,1
DA:45,15
DA:46,0
DA:47,0
DA:51,15
DA:52,1
DA:53,1
DA:54,1
DA:58,15
DA:81,0
LF:27
LH:18
BRDA:15,0,0,15
BRDA:20,1,0,2
BRDA:20,1,1,13
BRDA:25,2,0,0
BRDA:25,2,1,1
BRDA:26,3,0,0
BRDA:26,3,1,0
BRDA:37,4,0,1
BRDA:37,4,1,0
BRDA:46,5,0,0
BRDA:46,5,1,0
BRDA:46,6,0,0
BRDA:46,6,1,0
BRDA:53,7,0,1
BRDA:53,7,1,0
BRDA:53,8,0,1
BRDA:53,8,1,1
BRDA:68,9,0,0
BRDA:68,9,1,15
BRDA:71,10,0,12
BRDA:71,10,1,3
BRDA:73,11,0,1
BRDA:73,11,1,14
BRDA:73,12,0,15
BRDA:73,12,1,1
BRDA:75,13,0,0
BRDA:75,13,1,1
BRDA:79,14,0,0
BRDA:79,14,1,1
BRDA:81,15,0,0
BRDA:81,15,1,0
BRDA:81,16,0,0
BRDA:81,16,1,0
BRDA:83,17,0,0
BRDA:83,17,1,1
BRDA:89,18,0,2
BRDA:89,18,1,13
BRF:37
BRH:20
end_of_record
TN:
SF:src/components/CookieConsent.tsx
FN:9,acceptCookies
FN:14,rejectCookies
FN:19,CookieConsent
FN:25,(anonymous_3)
FN:30,(anonymous_4)
FN:35,(anonymous_5)
FN:38,(anonymous_6)
FN:38,(anonymous_7)
FN:43,(anonymous_8)
FN:52,(anonymous_9)
FN:54,(anonymous_10)
FN:76,(anonymous_11)
FN:92,(anonymous_12)
FN:100,(anonymous_13)
FN:109,(anonymous_14)
FNF:15
FNH:2
FNDA:0,acceptCookies
FNDA:0,rejectCookies
FNDA:2,CookieConsent
FNDA:1,(anonymous_3)
FNDA:0,(anonymous_4)
FNDA:0,(anonymous_5)
FNDA:0,(anonymous_6)
FNDA:0,(anonymous_7)
FNDA:0,(anonymous_8)
FNDA:0,(anonymous_9)
FNDA:0,(anonymous_10)
FNDA:0,(anonymous_11)
FNDA:0,(anonymous_12)
FNDA:0,(anonymous_13)
FNDA:0,(anonymous_14)
DA:6,1
DA:7,1
DA:10,0
DA:11,0
DA:15,0
DA:16,0
DA:19,1
DA:20,2
DA:21,2
DA:22,2
DA:23,2
DA:25,2
DA:26,1
DA:27,1
DA:30,2
DA:31,0
DA:32,0
DA:35,2
DA:36,0
DA:37,0
DA:38,0
DA:40,0
DA:43,2
DA:44,0
DA:45,0
DA:46,0
DA:47,0
DA:49,0
DA:52,2
DA:53,0
DA:54,0
DA:57,2
DA:59,2
DA:61,1
DA:76,0
DA:100,0
DA:109,0
LF:37
LH:17
BRDA:27,0,0,1
BRDA:27,0,1,0
BRDA:38,1,0,0
BRDA:38,1,1,0
BRDA:46,2,0,0
BRDA:46,2,1,0
BRDA:53,3,0,0
BRDA:53,3,1,0
BRDA:59,4,0,1
BRDA:59,4,1,1
BRDA:64,5,0,1
BRDA:64,5,1,0
BRF:12
BRH:4
end_of_record
TN:
SF:src/components/EnvelopeOverlay.tsx
FN:6,EnvelopeOverlay
FN:13,(anonymous_1)
FN:15,(anonymous_2)
FN:18,(anonymous_3)
FN:20,(anonymous_4)
FN:24,(anonymous_5)
FN:25,(anonymous_6)
FN:30,(anonymous_7)
FN:39,(anonymous_8)
FNF:9
FNH:8
FNDA:4,EnvelopeOverlay
FNDA:2,(anonymous_1)
FNDA:2,(anonymous_2)
FNDA:2,(anonymous_3)
FNDA:2,(anonymous_4)
FNDA:1,(anonymous_5)
FNDA:1,(anonymous_6)
FNDA:1,(anonymous_7)
FNDA:0,(anonymous_8)
DA:6,1
DA:7,4
DA:8,4
DA:9,4
DA:10,4
DA:11,4
DA:13,4
DA:14,2
DA:15,2
DA:18,4
DA:20,4
DA:21,2
DA:22,2
DA:23,1
DA:24,1
DA:25,1
DA:26,1
DA:28,1
DA:29,1
DA:30,1
DA:31,1
DA:32,1
DA:33,1
DA:34,1
DA:38,4
DA:39,0
LF:26
LH:25
BRDA:21,0,0,0
BRDA:21,0,1,2
BRDA:22,1,0,1
BRDA:22,1,1,1
BRDA:33,2,0,0
BRDA:33,2,1,1
BRDA:39,3,0,1
BRDA:39,3,1,3
BRDA:39,4,0,0
BRDA:39,4,1,0
BRDA:39,5,0,0
BRDA:39,5,1,0
BRDA:43,6,0,0
BRDA:43,6,1,4
BRDA:44,7,0,4
BRDA:44,7,1,0
BRDA:45,8,0,0
BRDA:45,8,1,0
BRDA:49,9,0,2
BRDA:49,9,1,2
BRDA:77,10,0,2
BRDA:77,10,1,2
BRDA:79,11,0,1
BRDA:79,11,1,1
BRF:24
BRH:14
end_of_record
TN:
SF:src/components/EqualizerBars.tsx
FN:7,EqualizerBars
FNF:1
FNH:1
FNDA:3,EqualizerBars
DA:7,1
DA:8,3
LF:2
LH:2
BRDA:9,0,0,0
BRDA:9,0,1,3
BRF:2
BRH:1
end_of_record
TN:
SF:src/components/ErrorBoundary.tsx
FN:6,constructor
FN:11,getDerivedStateFromError
FN:15,render
FN:25,(anonymous_3)
FN:36,ErrorBoundary
FNF:5
FNH:4
FNDA:1,constructor
FNDA:1,getDerivedStateFromError
FNDA:1,render
FNDA:0,(anonymous_3)
FNDA:1,ErrorBoundary
DA:7,1
DA:8,1
DA:12,0
DA:16,1
DA:17,1
DA:18,0
DA:25,0
DA:32,1
DA:37,1
DA:38,1
LF:10
LH:7
BRDA:17,0,0,0
BRDA:17,0,1,1
BRDA:23,1,0,0
BRDA:23,1,1,0
BRF:4
BRH:1
end_of_record
TN:
SF:src/components/ErrorMessage.tsx
FN:9,ErrorMessage
FNF:1
FNH:1
FNDA:2,ErrorMessage
DA:10,2
DA:11,2
DA:12,1
LF:3
LH:3
BRDA:11,0,0,1
BRDA:11,0,1,1
BRF:2
BRH:2
end_of_record
TN:
SF:src/components/Fireflies.tsx
FN:6,Fireflies
FN:9,(anonymous_1)
FNF:2
FNH:2
FNDA:1,Fireflies
FNDA:20,(anonymous_1)
DA:4,1
DA:6,1
DA:7,1
DA:10,20
LF:4
LH:4
BRF:0
BRH:0
end_of_record
TN:
SF:src/components/GalleryArrayEditor.tsx
FN:34,GalleryArrayEditor
FN:36,(anonymous_1)
FN:42,(anonymous_2)
FN:48,(anonymous_3)
FN:62,(anonymous_4)
FN:64,(anonymous_5)
FN:72,(anonymous_6)
FN:75,(anonymous_7)
FN:79,(anonymous_8)
FN:84,(anonymous_9)
FN:85,(anonymous_10)
FN:94,(anonymous_11)
FN:99,(anonymous_12)
FN:106,(anonymous_13)
FN:116,(anonymous_14)
FN:117,(anonymous_15)
FN:126,(anonymous_16)
FN:149,(anonymous_17)
FN:168,(anonymous_18)
FN:177,(anonymous_19)
FN:178,(anonymous_20)
FN:190,(anonymous_21)
FN:205,(anonymous_22)
FNF:23
FNH:6
FNDA:10,GalleryArrayEditor
FNDA:100,(anonymous_1)
FNDA:10,(anonymous_2)
FNDA:80,(anonymous_3)
FNDA:10,(anonymous_4)
FNDA:0,(anonymous_5)
FNDA:0,(anonymous_6)
FNDA:0,(anonymous_7)
FNDA:0,(anonymous_8)
FNDA:0,(anonymous_9)
FNDA:0,(anonymous_10)
FNDA:0,(anonymous_11)
FNDA:0,(anonymous_12)
FNDA:0,(anonymous_13)
FNDA:0,(anonymous_14)
FNDA:0,(anonymous_15)
FNDA:0,(anonymous_16)
FNDA:40,(anonymous_17)
FNDA:0,(anonymous_18)
FNDA:0,(anonymous_19)
FNDA:0,(anonymous_20)
FNDA:0,(anonymous_21)
FNDA:0,(anonymous_22)
DA:17,2
DA:19,2
DA:34,2
DA:35,10
DA:36,100
DA:37,10
DA:38,10
DA:39,10
DA:40,10
DA:42,10
DA:43,10
DA:44,8
DA:45,8
DA:46,8
DA:47,8
DA:48,80
DA:49,8
DA:50,0
DA:51,0
DA:54,8
DA:56,0
DA:58,8
DA:62,10
DA:64,10
DA:65,0
DA:66,0
DA:67,0
DA:68,0
DA:69,0
DA:70,0
DA:72,0
DA:73,0
DA:75,0
DA:76,0
DA:77,0
DA:78,0
DA:79,0
DA:80,0
DA:81,0
DA:82,0
DA:84,0
DA:85,0
DA:86,0
DA:87,0
DA:88,0
DA:90,0
DA:92,0
DA:94,0
DA:96,0
DA:99,10
DA:100,0
DA:101,0
DA:102,0
DA:103,0
DA:104,0
DA:105,0
DA:106,0
DA:107,0
DA:108,0
DA:109,0
DA:112,0
DA:116,10
DA:117,0
DA:118,0
DA:119,0
DA:120,0
DA:122,0
DA:126,10
DA:127,0
DA:128,0
DA:129,0
DA:130,0
DA:132,0
DA:133,0
DA:134,0
DA:135,0
DA:136,0
DA:138,0
DA:142,10
DA:143,6
DA:146,4
DA:150,40
DA:151,40
DA:152,40
DA:168,0
DA:177,0
DA:178,0
DA:190,0
DA:205,0
LF:89
LH:30
BRDA:43,0,0,2
BRDA:43,0,1,8
BRDA:50,1,0,0
BRDA:50,1,1,0
BRDA:50,2,0,0
BRDA:50,2,1,0
BRDA:51,3,0,0
BRDA:51,3,1,0
BRDA:51,4,0,0
BRDA:51,4,1,0
BRDA:51,5,0,0
BRDA:51,5,1,0
BRDA:67,6,0,0
BRDA:67,6,1,0
BRDA:68,7,0,0
BRDA:68,7,1,0
BRDA:68,8,0,0
BRDA:68,8,1,0
BRDA:69,9,0,0
BRDA:69,9,1,0
BRDA:69,10,0,0
BRDA:69,10,1,0
BRDA:70,11,0,0
BRDA:70,11,1,0
BRDA:70,12,0,0
BRDA:70,12,1,0
BRDA:72,13,0,0
BRDA:72,13,1,0
BRDA:72,13,2,0
BRDA:73,14,0,0
BRDA:73,14,1,0
BRDA:73,15,0,0
BRDA:73,15,1,0
BRDA:81,16,0,0
BRDA:81,16,1,0
BRDA:96,17,0,0
BRDA:96,17,1,0
BRDA:101,18,0,0
BRDA:101,18,1,0
BRDA:102,19,0,0
BRDA:102,19,1,0
BRDA:119,20,0,0
BRDA:119,20,1,0
BRDA:128,21,0,0
BRDA:128,21,1,0
BRDA:132,22,0,0
BRDA:132,22,1,0
BRDA:138,23,0,0
BRDA:138,23,1,0
BRDA:142,24,0,6
BRDA:142,24,1,4
BRDA:158,25,0,0
BRDA:158,25,1,40
BRDA:163,26,0,0
BRDA:163,26,1,0
BRDA:183,27,0,0
BRDA:183,27,1,0
BRDA:183,28,0,0
BRDA:183,28,1,0
BRDA:185,29,0,0
BRDA:185,29,1,0
BRDA:197,30,0,0
BRDA:197,30,1,40
BRDA:197,31,0,0
BRDA:197,31,1,40
BRDA:200,32,0,0
BRDA:200,32,1,40
BRF:67
BRH:8
end_of_record
TN:
SF:src/components/LanguageSwitcher.tsx
FN:166,LanguageSwitcher
FN:172,(anonymous_1)
FN:172,(anonymous_2)
FN:174,(anonymous_3)
FN:176,(anonymous_4)
FN:179,(anonymous_5)
FN:191,(anonymous_6)
FN:202,(anonymous_7)
FN:204,(anonymous_8)
FN:208,(anonymous_9)
FN:213,(anonymous_10)
FNF:11
FNH:3
FNDA:1,LanguageSwitcher
FNDA:12,(anonymous_1)
FNDA:6,(anonymous_2)
FNDA:0,(anonymous_3)
FNDA:0,(anonymous_4)
FNDA:0,(anonymous_5)
FNDA:0,(anonymous_6)
FNDA:0,(anonymous_7)
FNDA:0,(anonymous_8)
FNDA:0,(anonymous_9)
FNDA:0,(anonymous_10)
DA:7,1
DA:166,1
DA:167,1
DA:168,1
DA:169,1
DA:170,1
DA:171,1
DA:172,12
DA:174,1
DA:175,0
DA:176,0
DA:179,1
DA:180,0
DA:181,0
DA:184,1
DA:186,1
DA:191,0
DA:202,0
DA:205,0
DA:209,0
DA:213,0
LF:21
LH:12
BRDA:170,0,0,1
BRDA:170,0,1,0
BRDA:171,1,0,1
BRDA:171,1,1,0
BRDA:172,2,0,1
BRDA:172,2,1,0
BRDA:184,3,0,1
BRDA:184,3,1,0
BRDA:200,4,0,1
BRDA:200,4,1,0
BRDA:201,5,0,0
BRDA:201,5,1,0
BRDA:202,6,0,0
BRDA:202,6,1,0
BRDA:212,7,0,0
BRDA:212,7,1,0
BRDA:216,8,0,0
BRDA:216,8,1,0
BRF:18
BRH:5
end_of_record
TN:
SF:src/components/LegalModal.tsx
FN:7,LegalModal
FN:21,(anonymous_1)
FN:23,(anonymous_2)
FN:26,(anonymous_3)
FN:30,(anonymous_4)
FN:32,(anonymous_5)
FN:35,(anonymous_6)
FN:38,(anonymous_7)
FN:38,(anonymous_8)
FN:42,(anonymous_9)
FN:47,(anonymous_10)
FN:49,(anonymous_11)
FNF:12
FNH:5
FNDA:1,LegalModal
FNDA:0,(anonymous_1)
FNDA:0,(anonymous_2)
FNDA:1,(anonymous_3)
FNDA:1,(anonymous_4)
FNDA:0,(anonymous_5)
FNDA:1,(anonymous_6)
FNDA:0,(anonymous_7)
FNDA:0,(anonymous_8)
FNDA:0,(anonymous_9)
FNDA:3,(anonymous_10)
FNDA:0,(anonymous_11)
DA:7,1
DA:8,1
DA:9,1
DA:10,1
DA:11,1
DA:12,1
DA:13,1
DA:15,1
DA:21,1
DA:22,0
DA:23,0
DA:26,1
DA:27,1
DA:30,1
DA:31,1
DA:32,1
DA:33,1
DA:34,1
DA:35,1
DA:38,1
DA:40,1
DA:42,0
DA:48,3
DA:49,0
LF:24
LH:20
BRDA:9,0,0,1
BRDA:9,0,1,0
BRDA:11,1,0,1
BRDA:11,1,1,0
BRDA:27,2,0,1
BRDA:27,2,1,0
BRDA:31,3,0,0
BRDA:31,3,1,1
BRDA:32,4,0,0
BRDA:32,4,1,0
BRDA:38,5,0,0
BRDA:38,5,1,0
BRDA:41,6,0,0
BRDA:41,6,1,1
BRDA:42,7,0,0
BRDA:42,7,1,1
BRDA:50,8,0,1
BRDA:50,8,1,2
BRDA:60,9,0,1
BRDA:60,9,1,2
BRDA:65,10,0,1
BRDA:65,10,1,2
BRDA:67,11,0,1
BRDA:67,11,1,2
BRF:24
BRH:14
end_of_record
TN:
SF:src/components/LoadingOverlay.tsx
FN:3,LoadingOverlay
FNF:1
FNH:1
FNDA:2,LoadingOverlay
DA:3,1
DA:4,2
DA:5,1
LF:3
LH:3
BRDA:4,0,0,1
BRDA:4,0,1,1
BRDA:7,1,0,1
BRDA:7,1,1,1
BRF:4
BRH:4
end_of_record
TN:
SF:src/components/MusicArrayEditor.tsx
FN:23,formatSize
FN:29,MusicArrayEditor
FN:39,(anonymous_2)
FN:41,(anonymous_3)
FN:57,(anonymous_4)
FN:77,(anonymous_5)
FN:81,(anonymous_6)
FN:95,(anonymous_7)
FN:99,(anonymous_8)
FN:99,(anonymous_9)
FN:102,(anonymous_10)
FNF:11
FNH:3
FNDA:0,formatSize
FNDA:17,MusicArrayEditor
FNDA:13,(anonymous_2)
FNDA:11,(anonymous_3)
FNDA:0,(anonymous_4)
FNDA:0,(anonymous_5)
FNDA:0,(anonymous_6)
FNDA:0,(anonymous_7)
FNDA:0,(anonymous_8)
FNDA:0,(anonymous_9)
FNDA:0,(anonymous_10)
DA:17,2
DA:21,2
DA:24,0
DA:25,0
DA:26,0
DA:29,2
DA:30,17
DA:31,17
DA:32,17
DA:33,17
DA:34,17
DA:35,17
DA:36,17
DA:37,17
DA:39,17
DA:40,13
DA:41,11
DA:42,11
DA:43,11
DA:44,11
DA:45,11
DA:46,4
DA:47,4
DA:50,0
DA:52,11
DA:57,17
DA:58,0
DA:59,0
DA:60,0
DA:61,0
DA:62,0
DA:63,0
DA:64,0
DA:65,0
DA:67,0
DA:68,0
DA:69,0
DA:70,0
DA:73,0
DA:74,0
DA:75,0
DA:76,0
DA:77,0
DA:78,0
DA:79,0
DA:81,0
DA:82,0
DA:83,0
DA:84,0
DA:85,0
DA:86,0
DA:88,0
DA:90,0
DA:92,0
DA:95,17
DA:96,0
DA:97,0
DA:98,0
DA:99,0
DA:102,17
DA:103,0
DA:104,0
DA:105,0
DA:106,0
DA:107,0
DA:108,0
DA:109,0
DA:110,0
DA:111,0
DA:112,0
DA:114,0
DA:118,17
DA:119,7
DA:122,10
DA:124,10
LF:75
LH:28
BRDA:24,0,0,0
BRDA:24,0,1,0
BRDA:25,1,0,0
BRDA:25,1,1,0
BRDA:40,2,0,2
BRDA:40,2,1,11
BRDA:45,3,0,4
BRDA:45,3,1,7
BRDA:60,4,0,0
BRDA:60,4,1,0
BRDA:61,5,0,0
BRDA:61,5,1,0
BRDA:61,6,0,0
BRDA:61,6,1,0
BRDA:62,7,0,0
BRDA:62,7,1,0
BRDA:64,8,0,0
BRDA:64,8,1,0
BRDA:67,9,0,0
BRDA:67,9,1,0
BRDA:69,10,0,0
BRDA:69,10,1,0
BRDA:78,11,0,0
BRDA:78,11,1,0
BRDA:92,12,0,0
BRDA:92,12,1,0
BRDA:97,13,0,0
BRDA:97,13,1,0
BRDA:98,14,0,0
BRDA:98,14,1,0
BRDA:103,15,0,0
BRDA:103,15,1,0
BRDA:103,16,0,0
BRDA:103,16,1,0
BRDA:107,17,0,0
BRDA:107,17,1,0
BRDA:118,18,0,7
BRDA:118,18,1,10
BRDA:126,19,0,1
BRDA:126,19,1,9
BRDA:140,20,0,1
BRDA:140,20,1,1
BRDA:142,21,0,0
BRDA:142,21,1,1
BRDA:168,22,0,0
BRDA:168,22,1,1
BRDA:169,23,0,0
BRDA:169,23,1,1
BRDA:171,24,0,0
BRDA:171,24,1,1
BRDA:175,25,0,0
BRDA:175,25,1,1
BRDA:177,26,0,0
BRDA:177,26,1,1
BRDA:179,27,0,0
BRDA:179,27,1,1
BRDA:194,28,0,0
BRDA:194,28,1,9
BRDA:195,29,0,0
BRDA:195,29,1,9
BRDA:199,30,0,0
BRDA:199,30,1,9
BRF:62
BRH:20
end_of_record
TN:
SF:src/components/MusicPlayer.tsx
FN:7,songName
FN:21,MusicPlayer
FN:30,(anonymous_2)
FN:33,(anonymous_3)
FN:36,(anonymous_4)
FN:37,(anonymous_5)
FN:38,(anonymous_6)
FN:39,(anonymous_7)
FN:40,(anonymous_8)
FN:40,(anonymous_9)
FN:40,(anonymous_10)
FN:46,(anonymous_11)
FN:55,(anonymous_12)
FN:61,(anonymous_13)
FN:70,(anonymous_14)
FN:71,(anonymous_15)
FN:71,(anonymous_16)
FN:75,(anonymous_17)
FN:76,(anonymous_18)
FN:77,(anonymous_19)
FNF:20
FNH:5
FNDA:3,songName
FNDA:3,MusicPlayer
FNDA:3,(anonymous_2)
FNDA:3,(anonymous_3)
FNDA:0,(anonymous_4)
FNDA:0,(anonymous_5)
FNDA:0,(anonymous_6)
FNDA:0,(anonymous_7)
FNDA:0,(anonymous_8)
FNDA:0,(anonymous_9)
FNDA:0,(anonymous_10)
FNDA:2,(anonymous_11)
FNDA:0,(anonymous_12)
FNDA:0,(anonymous_13)
FNDA:0,(anonymous_14)
FNDA:0,(anonymous_15)
FNDA:0,(anonymous_16)
FNDA:0,(anonymous_17)
FNDA:0,(anonymous_18)
FNDA:0,(anonymous_19)
DA:8,3
DA:9,2
DA:10,2
DA:11,2
DA:12,2
DA:13,2
DA:14,3
DA:15,3
DA:17,0
DA:21,1
DA:22,3
DA:23,3
DA:24,3
DA:25,3
DA:26,3
DA:27,3
DA:28,3
DA:29,3
DA:30,3
DA:31,3
DA:33,3
DA:34,3
DA:35,3
DA:36,2
DA:37,2
DA:38,2
DA:39,2
DA:40,2
DA:41,2
DA:42,2
DA:43,2
DA:44,2
DA:45,2
DA:46,2
DA:47,2
DA:48,2
DA:49,2
DA:50,2
DA:51,2
DA:55,3
DA:56,0
DA:57,0
DA:58,0
DA:61,3
DA:62,0
DA:63,0
DA:64,0
DA:65,0
DA:66,0
DA:68,0
DA:69,0
DA:70,0
DA:71,0
DA:75,3
DA:76,0
DA:77,0
DA:80,3
DA:82,3
LF:58
LH:43
BRDA:8,0,0,1
BRDA:8,0,1,2
BRDA:9,1,0,0
BRDA:9,1,1,2
BRDA:13,2,0,2
BRDA:13,2,1,0
BRDA:30,3,0,3
BRDA:30,3,1,1
BRDA:35,4,0,1
BRDA:35,4,1,2
BRDA:35,5,0,3
BRDA:35,5,1,2
BRDA:58,6,0,0
BRDA:58,6,1,0
BRDA:63,7,0,0
BRDA:63,7,1,0
BRDA:63,8,0,0
BRDA:63,8,1,0
BRDA:64,9,0,0
BRDA:64,9,1,0
BRDA:84,10,0,2
BRDA:84,10,1,1
BRDA:86,11,0,0
BRDA:86,11,1,3
BRDA:88,12,0,0
BRDA:88,12,1,3
BRDA:90,13,0,0
BRDA:90,13,1,3
BRDA:90,14,0,3
BRDA:90,14,1,3
BRDA:91,15,0,0
BRDA:91,15,1,3
BRDA:91,16,0,0
BRDA:91,16,1,3
BRDA:94,17,0,0
BRDA:94,17,1,3
BRDA:94,18,0,0
BRDA:94,18,1,3
BRDA:100,19,0,0
BRDA:100,19,1,3
BRDA:100,20,0,0
BRDA:100,20,1,3
BRDA:101,21,0,0
BRDA:101,21,1,3
BRDA:101,22,0,3
BRDA:101,22,1,3
BRDA:102,23,0,1
BRDA:102,23,1,2
BRF:48
BRH:28
end_of_record
TN:
SF:src/components/Pagination.tsx
FN:14,Pagination
FN:24,(anonymous_1)
FN:26,(anonymous_2)
FN:34,(anonymous_3)
FN:37,(anonymous_4)
FNF:5
FNH:0
FNDA:0,Pagination
FNDA:0,(anonymous_1)
FNDA:0,(anonymous_2)
FNDA:0,(anonymous_3)
FNDA:0,(anonymous_4)
DA:14,0
DA:17,0
DA:18,0
DA:20,0
DA:24,0
DA:26,0
DA:34,0
DA:37,0
LF:8
LH:0
BRF:0
BRH:0
end_of_record
TN:
SF:src/components/SectionOrderEditor.tsx
FN:5,SectionOrderEditor
FN:12,(anonymous_1)
FN:13,(anonymous_2)
FN:15,(anonymous_3)
FN:16,(anonymous_4)
FN:20,(anonymous_5)
FN:25,(anonymous_6)
FN:30,(anonymous_7)
FN:37,(anonymous_8)
FN:46,(anonymous_9)
FN:51,(anonymous_10)
FN:56,(anonymous_11)
FN:70,(anonymous_12)
FN:75,(anonymous_13)
FN:82,(anonymous_14)
FN:89,(anonymous_15)
FN:101,(anonymous_16)
FN:101,(anonymous_17)
FN:110,(anonymous_18)
FN:111,(anonymous_19)
FN:128,(anonymous_20)
FN:136,(anonymous_21)
FN:145,(anonymous_22)
FNF:23
FNH:8
FNDA:4,SectionOrderEditor
FNDA:2,(anonymous_1)
FNDA:2,(anonymous_2)
FNDA:2,(anonymous_3)
FNDA:2,(anonymous_4)
FNDA:0,(anonymous_5)
FNDA:0,(anonymous_6)
FNDA:0,(anonymous_7)
FNDA:0,(anonymous_8)
FNDA:0,(anonymous_9)
FNDA:0,(anonymous_10)
FNDA:0,(anonymous_11)
FNDA:0,(anonymous_12)
FNDA:0,(anonymous_13)
FNDA:0,(anonymous_14)
FNDA:32,(anonymous_15)
FNDA:32,(anonymous_16)
FNDA:32,(anonymous_17)
FNDA:0,(anonymous_18)
FNDA:0,(anonymous_19)
FNDA:0,(anonymous_20)
FNDA:0,(anonymous_21)
FNDA:0,(anonymous_22)
DA:11,4
DA:12,4
DA:13,4
DA:15,4
DA:16,4
DA:17,4
DA:18,4
DA:20,4
DA:21,0
DA:22,0
DA:25,4
DA:26,0
DA:27,0
DA:30,4
DA:31,0
DA:32,0
DA:33,0
DA:34,0
DA:37,4
DA:38,0
DA:39,0
DA:40,0
DA:41,0
DA:42,0
DA:43,0
DA:46,4
DA:47,0
DA:48,0
DA:51,4
DA:52,0
DA:53,0
DA:56,4
DA:57,0
DA:58,0
DA:59,0
DA:60,0
DA:61,0
DA:62,0
DA:63,0
DA:64,0
DA:65,0
DA:66,0
DA:67,0
DA:70,4
DA:71,0
DA:72,0
DA:75,4
DA:76,0
DA:77,0
DA:78,0
DA:79,0
DA:82,4
DA:83,0
DA:84,0
DA:85,0
DA:86,0
DA:89,4
DA:90,32
DA:91,28
DA:92,0
DA:93,0
DA:96,4
DA:101,32
DA:102,32
DA:103,32
DA:104,32
DA:105,32
DA:110,0
DA:111,0
DA:128,0
DA:136,0
DA:145,0
LF:72
LH:26
BRDA:32,0,0,0
BRDA:32,0,1,0
BRDA:39,1,0,0
BRDA:39,1,1,0
BRDA:48,2,0,0
BRDA:48,2,1,0
BRDA:62,3,0,0
BRDA:62,3,1,0
BRDA:62,4,0,0
BRDA:62,4,1,0
BRDA:62,4,2,0
BRDA:63,5,0,0
BRDA:63,5,1,0
BRDA:76,6,0,0
BRDA:76,6,1,0
BRDA:83,7,0,0
BRDA:83,7,1,0
BRDA:90,8,0,4
BRDA:90,8,1,28
BRDA:91,9,0,28
BRDA:91,9,1,0
BRDA:91,10,0,28
BRDA:91,10,1,0
BRDA:92,11,0,0
BRDA:92,11,1,0
BRDA:93,12,0,0
BRDA:93,12,1,0
BRDA:108,13,0,0
BRDA:108,13,1,32
BRDA:108,14,0,4
BRDA:108,14,1,28
BRDA:108,15,0,0
BRDA:108,15,1,32
BRDA:117,16,0,4
BRDA:117,16,1,28
BRDA:119,17,0,0
BRDA:119,17,1,32
BRDA:121,18,0,32
BRDA:121,18,1,0
BRDA:123,19,0,32
BRDA:123,19,1,28
BRDA:127,20,0,0
BRDA:127,20,1,28
BRDA:129,21,0,0
BRDA:129,21,1,28
BRDA:131,22,0,0
BRDA:131,22,1,28
BRDA:137,23,0,28
BRDA:137,23,1,4
BRF:49
BRH:19
end_of_record
TN:
SF:src/components/SetupForm.tsx
FN:37,SetupForm
FN:40,(anonymous_1)
FN:41,(anonymous_2)
FN:48,(anonymous_3)
FN:58,(anonymous_4)
FN:62,(anonymous_5)
FN:70,(anonymous_6)
FN:158,(anonymous_7)
FN:159,(anonymous_8)
FNF:9
FNH:6
FNDA:1,SetupForm
FNDA:1,(anonymous_1)
FNDA:0,(anonymous_2)
FNDA:1,(anonymous_3)
FNDA:1,(anonymous_4)
FNDA:1,(anonymous_5)
FNDA:1,(anonymous_6)
FNDA:0,(anonymous_7)
FNDA:0,(anonymous_8)
DA:38,1
DA:40,1
DA:41,1
DA:42,0
DA:43,0
DA:44,0
DA:47,1
DA:48,1
DA:53,1
DA:55,1
DA:58,1
DA:59,1
DA:62,1
DA:63,1
DA:70,1
DA:71,1
DA:72,1
DA:75,1
DA:158,0
DA:159,0
LF:20
LH:15
BRDA:37,0,0,1
BRDA:42,1,0,0
BRDA:42,1,1,0
BRDA:42,2,0,0
BRDA:42,2,1,0
BRDA:42,2,2,0
BRDA:44,3,0,0
BRDA:44,3,1,0
BRDA:59,4,0,0
BRDA:59,4,1,1
BRDA:63,5,0,0
BRDA:63,5,1,1
BRDA:71,6,0,1
BRDA:71,6,1,1
BRDA:86,7,0,1
BRDA:86,7,1,0
BRDA:106,8,0,1
BRDA:106,8,1,0
BRDA:116,9,0,1
BRDA:116,9,1,0
BRDA:126,10,0,1
BRDA:126,10,1,0
BRDA:136,11,0,1
BRDA:136,11,1,0
BRDA:146,12,0,1
BRDA:146,12,1,0
BRDA:156,13,0,1
BRDA:156,13,1,0
BRDA:158,14,0,0
BRDA:158,14,1,0
BRF:30
BRH:12
end_of_record
TN:
SF:src/components/ThemePicker.tsx
FN:5,ThemePicker
FN:6,(anonymous_1)
FN:7,(anonymous_2)
FN:9,(anonymous_3)
FN:9,(anonymous_4)
FN:16,(anonymous_5)
FNF:6
FNH:5
FNDA:2,ThemePicker
FNDA:4,(anonymous_1)
FNDA:64,(anonymous_2)
FNDA:64,(anonymous_3)
FNDA:22,(anonymous_4)
FNDA:0,(anonymous_5)
DA:5,2
DA:6,2
DA:7,64
DA:9,64
DA:10,22
DA:11,22
DA:16,0
LF:7
LH:6
BRDA:15,0,0,1
BRDA:15,0,1,21
BRF:2
BRH:2
end_of_record
TN:
SF:src/components/WeddingMap.tsx
FN:4,WeddingMap
FN:14,(anonymous_1)
FN:33,(anonymous_2)
FN:72,(anonymous_3)
FN:84,(anonymous_4)
FNF:5
FNH:2
FNDA:2,WeddingMap
FNDA:1,(anonymous_1)
FNDA:0,(anonymous_2)
FNDA:0,(anonymous_3)
FNDA:0,(anonymous_4)
DA:10,2
DA:11,2
DA:12,2
DA:14,2
DA:15,1
DA:16,1
DA:17,1
DA:18,1
DA:19,1
DA:20,1
DA:21,1
DA:24,0
DA:29,0
DA:30,0
DA:31,0
DA:33,0
DA:34,0
DA:35,0
DA:36,0
DA:37,0
DA:42,0
DA:44,0
DA:45,0
DA:46,0
DA:47,0
DA:50,0
DA:59,0
DA:63,0
DA:72,0
DA:73,0
DA:74,0
DA:77,0
DA:78,0
DA:79,0
DA:84,0
DA:85,0
DA:86,0
DA:87,0
DA:91,2
LF:39
LH:12
BRDA:15,0,0,1
BRDA:15,0,1,1
BRDA:18,1,0,1
BRDA:18,1,1,0
BRDA:18,2,0,1
BRDA:18,2,1,1
BRDA:18,2,2,0
BRDA:42,3,0,0
BRDA:42,3,1,0
BRDA:42,4,0,0
BRDA:42,4,1,0
BRDA:44,5,0,0
BRDA:44,5,1,0
BRDA:45,6,0,0
BRDA:45,6,1,0
BRDA:74,7,0,0
BRDA:74,7,1,0
BRDA:77,8,0,0
BRDA:77,8,1,0
BRDA:78,9,0,0
BRDA:78,9,1,0
BRDA:87,10,0,0
BRDA:87,10,1,0
BRDA:94,11,0,2
BRDA:94,11,1,1
BRDA:99,12,0,2
BRDA:99,12,1,0
BRF:27
BRH:8
end_of_record
TN:
SF:src/components/setup-forms/AccessSectionForm.tsx
FN:4,AccessSectionForm
FN:8,(anonymous_1)
FN:19,(anonymous_2)
FNF:3
FNH:2
FNDA:4,AccessSectionForm
FNDA:8,(anonymous_1)
FNDA:0,(anonymous_2)
DA:5,4
DA:6,4
DA:8,8
DA:10,4
DA:19,0
LF:5
LH:4
BRDA:4,0,0,4
BRF:1
BRH:1
end_of_record
TN:
SF:src/components/setup-forms/CoverSectionForm.tsx
FN:10,CoverSectionForm
FN:19,(anonymous_1)
FN:21,(anonymous_2)
FN:30,(anonymous_3)
FN:40,(anonymous_4)
FN:44,(anonymous_5)
FN:48,(anonymous_6)
FN:52,(anonymous_7)
FN:68,(anonymous_8)
FN:82,(anonymous_9)
FN:97,(anonymous_10)
FN:101,(anonymous_11)
FN:114,(anonymous_12)
FN:154,(anonymous_13)
FNF:14
FNH:2
FNDA:9,CoverSectionForm
FNDA:108,(anonymous_1)
FNDA:0,(anonymous_2)
FNDA:0,(anonymous_3)
FNDA:0,(anonymous_4)
FNDA:0,(anonymous_5)
FNDA:0,(anonymous_6)
FNDA:0,(anonymous_7)
FNDA:0,(anonymous_8)
FNDA:0,(anonymous_9)
FNDA:0,(anonymous_10)
FNDA:0,(anonymous_11)
FNDA:0,(anonymous_12)
FNDA:0,(anonymous_13)
DA:13,9
DA:15,9
DA:16,9
DA:18,9
DA:19,108
DA:21,9
DA:22,0
DA:23,0
DA:24,0
DA:25,0
DA:26,0
DA:27,0
DA:28,0
DA:29,0
DA:30,0
DA:31,0
DA:32,0
DA:33,0
DA:35,0
DA:37,0
DA:40,9
DA:41,0
DA:44,9
DA:45,0
DA:48,9
DA:49,0
DA:52,9
DA:53,0
DA:56,9
DA:68,0
DA:82,0
DA:97,0
DA:101,0
DA:114,0
DA:154,0
LF:35
LH:11
BRDA:10,0,0,9
BRDA:24,1,0,0
BRDA:24,1,1,0
BRDA:25,2,0,0
BRDA:25,2,1,0
BRDA:26,3,0,0
BRDA:26,3,1,0
BRDA:27,4,0,0
BRDA:27,4,1,0
BRDA:37,5,0,0
BRDA:37,5,1,0
BRDA:127,6,0,0
BRDA:127,6,1,9
BRDA:132,7,0,0
BRDA:132,7,1,9
BRDA:146,8,0,0
BRDA:146,8,1,9
BRDA:154,9,0,9
BRDA:154,9,1,9
BRF:19
BRH:6
end_of_record
TN:
SF:src/components/setup-forms/DateSectionForm.tsx
FN:6,DateSectionForm
FN:14,(anonymous_1)
FN:16,(anonymous_2)
FN:24,(anonymous_3)
FN:25,(anonymous_4)
FN:33,(anonymous_5)
FN:41,(anonymous_6)
FN:68,(anonymous_7)
FN:68,(anonymous_8)
FN:84,(anonymous_9)
FN:86,(anonymous_10)
FN:103,(anonymous_11)
FN:116,(anonymous_12)
FN:119,(anonymous_13)
FN:130,(anonymous_14)
FN:146,(anonymous_15)
FN:160,(anonymous_16)
FN:178,(anonymous_17)
FNF:18
FNH:4
FNDA:7,DateSectionForm
FNDA:98,(anonymous_1)
FNDA:0,(anonymous_2)
FNDA:0,(anonymous_3)
FNDA:0,(anonymous_4)
FNDA:0,(anonymous_5)
FNDA:0,(anonymous_6)
FNDA:0,(anonymous_7)
FNDA:0,(anonymous_8)
FNDA:7,(anonymous_9)
FNDA:0,(anonymous_10)
FNDA:0,(anonymous_11)
FNDA:0,(anonymous_12)
FNDA:24,(anonymous_13)
FNDA:0,(anonymous_14)
FNDA:0,(anonymous_15)
FNDA:0,(anonymous_16)
FNDA:0,(anonymous_17)
DA:10,7
DA:12,7
DA:14,98
DA:16,7
DA:17,0
DA:18,0
DA:19,0
DA:20,0
DA:21,0
DA:22,0
DA:23,0
DA:24,0
DA:25,0
DA:26,0
DA:27,0
DA:28,0
DA:29,0
DA:30,0
DA:31,0
DA:33,0
DA:34,0
DA:35,0
DA:36,0
DA:37,0
DA:38,0
DA:39,0
DA:40,0
DA:41,0
DA:42,0
DA:43,0
DA:44,0
DA:45,0
DA:47,0
DA:52,0
DA:53,0
DA:57,7
DA:68,0
DA:69,0
DA:70,0
DA:85,7
DA:86,0
DA:87,0
DA:88,0
DA:103,0
DA:116,0
DA:120,24
DA:130,0
DA:146,0
DA:160,0
DA:178,0
LF:50
LH:7
BRDA:6,0,0,7
BRDA:21,1,0,0
BRDA:21,1,1,0
BRDA:23,2,0,0
BRDA:23,2,1,0
BRDA:27,3,0,0
BRDA:27,3,1,0
BRDA:29,4,0,0
BRDA:29,4,1,0
BRDA:53,5,0,0
BRDA:53,5,1,0
BRDA:70,6,0,0
BRDA:70,6,1,0
BRDA:85,7,0,7
BRDA:85,7,1,0
BRDA:87,8,0,0
BRDA:87,8,1,0
BRDA:120,9,0,24
BRDA:120,9,1,0
BRF:19
BRH:3
end_of_record
TN:
SF:src/components/setup-forms/GallerySectionForm.tsx
FN:5,GallerySectionForm
FNF:1
FNH:1
FNDA:3,GallerySectionForm
DA:6,3
DA:7,3
DA:9,3
LF:3
LH:3
BRF:0
BRH:0
end_of_record
TN:
SF:src/components/setup-forms/GiftsSectionForm.tsx
FN:4,GiftsSectionForm
FN:8,(anonymous_1)
FN:19,(anonymous_2)
FN:33,(anonymous_3)
FN:48,(anonymous_4)
FN:63,(anonymous_5)
FNF:6
FNH:2
FNDA:6,GiftsSectionForm
FNDA:48,(anonymous_1)
FNDA:0,(anonymous_2)
FNDA:0,(anonymous_3)
FNDA:0,(anonymous_4)
FNDA:0,(anonymous_5)
DA:5,6
DA:6,6
DA:8,48
DA:10,6
DA:19,0
DA:33,0
DA:48,0
DA:63,0
LF:8
LH:4
BRDA:4,0,0,6
BRF:1
BRH:1
end_of_record
TN:
SF:src/components/setup-forms/GuestsSectionForm.tsx
FN:6,GuestsSectionForm
FN:10,(anonymous_1)
FN:14,(anonymous_2)
FN:18,(anonymous_3)
FN:22,(anonymous_4)
FN:26,(anonymous_5)
FN:30,(anonymous_6)
FN:42,(anonymous_7)
FN:60,(anonymous_8)
FN:62,(anonymous_9)
FN:82,(anonymous_10)
FNF:11
FNH:3
FNDA:5,GuestsSectionForm
FNDA:0,(anonymous_1)
FNDA:0,(anonymous_2)
FNDA:0,(anonymous_3)
FNDA:0,(anonymous_4)
FNDA:0,(anonymous_5)
FNDA:0,(anonymous_6)
FNDA:15,(anonymous_7)
FNDA:25,(anonymous_8)
FNDA:0,(anonymous_9)
FNDA:0,(anonymous_10)
DA:7,5
DA:8,5
DA:10,5
DA:11,0
DA:14,5
DA:15,0
DA:18,5
DA:19,0
DA:22,5
DA:23,0
DA:26,5
DA:27,0
DA:30,5
DA:31,0
DA:34,5
DA:43,15
DA:61,25
DA:62,0
DA:83,0
DA:84,0
LF:20
LH:11
BRDA:6,0,0,5
BRDA:11,1,0,0
BRDA:11,1,1,0
BRDA:15,2,0,0
BRDA:15,2,1,0
BRDA:19,3,0,0
BRDA:19,3,1,0
BRDA:62,4,0,0
BRDA:62,4,1,0
BRDA:75,5,0,0
BRDA:75,5,1,5
BRDA:83,6,0,0
BRDA:83,6,1,0
BRDA:90,7,0,0
BRDA:90,7,1,0
BRDA:96,8,0,0
BRDA:96,8,1,0
BRF:17
BRH:2
end_of_record
TN:
SF:src/components/setup-forms/StorySectionForm.tsx
FN:4,StorySectionForm
FN:8,(anonymous_1)
FN:19,(anonymous_2)
FNF:3
FNH:2
FNDA:5,StorySectionForm
FNDA:10,(anonymous_1)
FNDA:0,(anonymous_2)
DA:5,5
DA:6,5
DA:8,10
DA:10,5
DA:19,0
LF:5
LH:4
BRDA:4,0,0,5
BRDA:24,1,0,5
BRDA:24,1,1,5
BRF:3
BRH:3
end_of_record
TN:
SF:src/contexts/AppContext.tsx
FN:13,AppMerger
FN:20,(anonymous_1)
FN:28,(anonymous_2)
FN:43,(anonymous_3)
FN:58,AppProvider
FNF:5
FNH:0
FNDA:0,AppMerger
FNDA:0,(anonymous_1)
FNDA:0,(anonymous_2)
FNDA:0,(anonymous_3)
FNDA:0,AppProvider
DA:14,0
DA:15,0
DA:16,0
DA:17,0
DA:18,0
DA:20,0
DA:21,0
DA:22,0
DA:23,0
DA:24,0
DA:25,0
DA:26,0
DA:28,0
DA:29,0
DA:31,0
DA:36,0
DA:37,0
DA:40,0
DA:43,0
DA:51,0
DA:59,0
LF:21
LH:0
BRDA:24,0,0,0
BRDA:24,0,1,0
BRDA:24,1,0,0
BRDA:24,1,1,0
BRDA:24,1,2,0
BRDA:28,2,0,0
BRDA:28,2,1,0
BRDA:29,3,0,0
BRDA:29,3,1,0
BRDA:31,4,0,0
BRDA:31,4,1,0
BRDA:31,4,2,0
BRDA:31,4,3,0
BRDA:31,4,4,0
BRDA:36,5,0,0
BRDA:36,5,1,0
BRDA:36,6,0,0
BRDA:36,6,1,0
BRF:18
BRH:0
end_of_record
TN:
SF:src/contexts/AuthContext.tsx
FN:12,AuthProvider
FN:22,(anonymous_1)
FN:26,(anonymous_2)
FN:49,(anonymous_3)
FN:50,(anonymous_4)
FN:55,(anonymous_5)
FN:57,(anonymous_6)
FN:61,(anonymous_7)
FN:65,(anonymous_8)
FNF:9
FNH:0
FNDA:0,AuthProvider
FNDA:0,(anonymous_1)
FNDA:0,(anonymous_2)
FNDA:0,(anonymous_3)
FNDA:0,(anonymous_4)
FNDA:0,(anonymous_5)
FNDA:0,(anonymous_6)
FNDA:0,(anonymous_7)
FNDA:0,(anonymous_8)
DA:13,0
DA:14,0
DA:15,0
DA:16,0
DA:18,0
DA:21,0
DA:22,0
DA:23,0
DA:24,0
DA:25,0
DA:26,0
DA:27,0
DA:28,0
DA:33,0
DA:34,0
DA:35,0
DA:39,0
DA:40,0
DA:41,0
DA:42,0
DA:43,0
DA:44,0
DA:45,0
DA:49,0
DA:50,0
DA:54,0
DA:55,0
DA:56,0
DA:57,0
DA:61,0
DA:62,0
DA:65,0
DA:80,0
LF:33
LH:0
BRDA:23,0,0,0
BRDA:23,0,1,0
BRDA:33,1,0,0
BRDA:33,1,1,0
BRDA:33,2,0,0
BRDA:33,2,1,0
BRDA:41,3,0,0
BRDA:41,3,1,0
BRDA:42,4,0,0
BRDA:42,4,1,0
BRDA:42,5,0,0
BRDA:42,5,1,0
BRDA:43,6,0,0
BRDA:43,6,1,0
BRDA:56,7,0,0
BRDA:56,7,1,0
BRF:16
BRH:0
end_of_record
TN:
SF:src/contexts/ConfigContext.tsx
FN:27,ConfigProvider
FN:49,(anonymous_1)
FN:50,(anonymous_2)
FN:68,(anonymous_3)
FN:72,(anonymous_4)
FN:83,(anonymous_5)
FN:127,(anonymous_6)
FN:194,(anonymous_7)
FN:227,(anonymous_8)
FN:238,(anonymous_9)
FN:276,(anonymous_10)
FN:278,(anonymous_11)
FN:282,(anonymous_12)
FN:393,(anonymous_13)
FN:399,(anonymous_14)
FN:411,(anonymous_15)
FNF:16
FNH:0
FNDA:0,ConfigProvider
FNDA:0,(anonymous_1)
FNDA:0,(anonymous_2)
FNDA:0,(anonymous_3)
FNDA:0,(anonymous_4)
FNDA:0,(anonymous_5)
FNDA:0,(anonymous_6)
FNDA:0,(anonymous_7)
FNDA:0,(anonymous_8)
FNDA:0,(anonymous_9)
FNDA:0,(anonymous_10)
FNDA:0,(anonymous_11)
FNDA:0,(anonymous_12)
FNDA:0,(anonymous_13)
FNDA:0,(anonymous_14)
FNDA:0,(anonymous_15)
DA:28,0
DA:29,0
DA:30,0
DA:31,0
DA:33,0
DA:35,0
DA:36,0
DA:37,0
DA:38,0
DA:39,0
DA:40,0
DA:41,0
DA:43,0
DA:44,0
DA:45,0
DA:47,0
DA:49,0
DA:50,0
DA:53,0
DA:61,0
DA:64,0
DA:66,0
DA:68,0
DA:69,0
DA:72,0
DA:73,0
DA:74,0
DA:75,0
DA:76,0
DA:77,0
DA:79,0
DA:83,0
DA:84,0
DA:85,0
DA:86,0
DA:87,0
DA:88,0
DA:89,0
DA:91,0
DA:92,0
DA:93,0
DA:94,0
DA:95,0
DA:96,0
DA:97,0
DA:98,0
DA:99,0
DA:101,0
DA:102,0
DA:103,0
DA:104,0
DA:109,0
DA:110,0
DA:111,0
DA:114,0
DA:115,0
DA:116,0
DA:117,0
DA:120,0
DA:121,0
DA:122,0
DA:125,0
DA:127,0
DA:128,0
DA:129,0
DA:130,0
DA:132,0
DA:133,0
DA:134,0
DA:137,0
DA:138,0
DA:139,0
DA:140,0
DA:141,0
DA:142,0
DA:143,0
DA:144,0
DA:145,0
DA:146,0
DA:151,0
DA:152,0
DA:153,0
DA:154,0
DA:155,0
DA:156,0
DA:157,0
DA:159,0
DA:160,0
DA:161,0
DA:163,0
DA:164,0
DA:165,0
DA:166,0
DA:167,0
DA:169,0
DA:172,0
DA:173,0
DA:174,0
DA:175,0
DA:176,0
DA:177,0
DA:178,0
DA:179,0
DA:180,0
DA:181,0
DA:184,0
DA:185,0
DA:188,0
DA:191,0
DA:194,0
DA:195,0
DA:196,0
DA:197,0
DA:198,0
DA:199,0
DA:200,0
DA:201,0
DA:202,0
DA:203,0
DA:205,0
DA:206,0
DA:207,0
DA:209,0
DA:210,0
DA:211,0
DA:212,0
DA:213,0
DA:215,0
DA:218,0
DA:219,0
DA:220,0
DA:221,0
DA:223,0
DA:227,0
DA:228,0
DA:229,0
DA:230,0
DA:231,0
DA:232,0
DA:234,0
DA:235,0
DA:237,0
DA:238,0
DA:239,0
DA:241,0
DA:242,0
DA:243,0
DA:244,0
DA:246,0
DA:247,0
DA:248,0
DA:250,0
DA:251,0
DA:252,0
DA:254,0
DA:255,0
DA:256,0
DA:260,0
DA:261,0
DA:262,0
DA:265,0
DA:266,0
DA:267,0
DA:268,0
DA:271,0
DA:272,0
DA:273,0
DA:276,0
DA:277,0
DA:278,0
DA:279,0
DA:280,0
DA:282,0
DA:283,0
DA:284,0
DA:286,0
DA:287,0
DA:288,0
DA:290,0
DA:291,0
DA:292,0
DA:295,0
DA:296,0
DA:297,0
DA:298,0
DA:300,0
DA:301,0
DA:302,0
DA:306,0
DA:307,0
DA:308,0
DA:309,0
DA:310,0
DA:311,0
DA:315,0
DA:316,0
DA:317,0
DA:320,0
DA:321,0
DA:322,0
DA:323,0
DA:324,0
DA:325,0
DA:329,0
DA:330,0
DA:331,0
DA:333,0
DA:334,0
DA:335,0
DA:337,0
DA:338,0
DA:339,0
DA:341,0
DA:342,0
DA:343,0
DA:345,0
DA:346,0
DA:347,0
DA:349,0
DA:350,0
DA:351,0
DA:353,0
DA:354,0
DA:355,0
DA:358,0
DA:359,0
DA:360,0
DA:361,0
DA:362,0
DA:363,0
DA:364,0
DA:367,0
DA:368,0
DA:369,0
DA:370,0
DA:371,0
DA:372,0
DA:373,0
DA:374,0
DA:375,0
DA:376,0
DA:377,0
DA:378,0
DA:379,0
DA:380,0
DA:381,0
DA:383,0
DA:385,0
DA:387,0
DA:389,0
DA:393,0
DA:394,0
DA:395,0
DA:396,0
DA:397,0
DA:398,0
DA:399,0
DA:400,0
DA:401,0
DA:402,0
DA:403,0
DA:404,0
DA:405,0
DA:407,0
DA:411,0
DA:429,0
LF:266
LH:0
BRDA:73,0,0,0
BRDA:73,0,1,0
BRDA:73,1,0,0
BRDA:73,1,1,0
BRDA:87,2,0,0
BRDA:87,2,1,0
BRDA:88,3,0,0
BRDA:88,3,1,0
BRDA:89,4,0,0
BRDA:89,4,1,0
BRDA:91,5,0,0
BRDA:91,5,1,0
BRDA:91,6,0,0
BRDA:91,6,1,0
BRDA:101,7,0,0
BRDA:101,7,1,0
BRDA:109,8,0,0
BRDA:109,8,1,0
BRDA:109,9,0,0
BRDA:109,9,1,0
BRDA:114,10,0,0
BRDA:114,10,1,0
BRDA:114,11,0,0
BRDA:114,11,1,0
BRDA:120,12,0,0
BRDA:120,12,1,0
BRDA:120,13,0,0
BRDA:120,13,1,0
BRDA:130,14,0,0
BRDA:130,14,1,0
BRDA:132,15,0,0
BRDA:132,15,1,0
BRDA:132,16,0,0
BRDA:132,16,1,0
BRDA:138,17,0,0
BRDA:138,17,1,0
BRDA:141,18,0,0
BRDA:141,18,1,0
BRDA:141,19,0,0
BRDA:141,19,1,0
BRDA:141,19,2,0
BRDA:152,20,0,0
BRDA:152,20,1,0
BRDA:160,21,0,0
BRDA:160,21,1,0
BRDA:161,22,0,0
BRDA:161,22,1,0
BRDA:165,23,0,0
BRDA:165,23,1,0
BRDA:176,24,0,0
BRDA:176,24,1,0
BRDA:179,25,0,0
BRDA:179,25,1,0
BRDA:180,26,0,0
BRDA:180,26,1,0
BRDA:180,27,0,0
BRDA:180,27,1,0
BRDA:180,27,2,0
BRDA:184,28,0,0
BRDA:184,28,1,0
BRDA:195,29,0,0
BRDA:195,29,1,0
BRDA:199,30,0,0
BRDA:199,30,1,0
BRDA:206,31,0,0
BRDA:206,31,1,0
BRDA:207,32,0,0
BRDA:207,32,1,0
BRDA:211,33,0,0
BRDA:211,33,1,0
BRDA:229,34,0,0
BRDA:229,34,1,0
BRDA:230,35,0,0
BRDA:230,35,1,0
BRDA:238,36,0,0
BRDA:238,36,1,0
BRDA:241,37,0,0
BRDA:241,37,1,0
BRDA:242,38,0,0
BRDA:242,38,1,0
BRDA:246,39,0,0
BRDA:246,39,1,0
BRDA:250,40,0,0
BRDA:250,40,1,0
BRDA:254,41,0,0
BRDA:254,41,1,0
BRDA:260,42,0,0
BRDA:260,42,1,0
BRDA:260,43,0,0
BRDA:260,43,1,0
BRDA:266,44,0,0
BRDA:266,44,1,0
BRDA:271,45,0,0
BRDA:271,45,1,0
BRDA:276,46,0,0
BRDA:276,46,1,0
BRDA:278,47,0,0
BRDA:278,47,1,0
BRDA:278,48,0,0
BRDA:278,48,1,0
BRDA:282,49,0,0
BRDA:282,49,1,0
BRDA:286,50,0,0
BRDA:286,50,1,0
BRDA:290,51,0,0
BRDA:290,51,1,0
BRDA:295,52,0,0
BRDA:295,52,1,0
BRDA:296,53,0,0
BRDA:296,53,1,0
BRDA:300,54,0,0
BRDA:300,54,1,0
BRDA:300,55,0,0
BRDA:300,55,1,0
BRDA:300,55,2,0
BRDA:306,56,0,0
BRDA:306,56,1,0
BRDA:309,57,0,0
BRDA:309,57,1,0
BRDA:309,58,0,0
BRDA:309,58,1,0
BRDA:315,59,0,0
BRDA:315,59,1,0
BRDA:315,60,0,0
BRDA:315,60,1,0
BRDA:320,61,0,0
BRDA:320,61,1,0
BRDA:323,62,0,0
BRDA:323,62,1,0
BRDA:329,63,0,0
BRDA:329,63,1,0
BRDA:329,64,0,0
BRDA:329,64,1,0
BRDA:333,65,0,0
BRDA:333,65,1,0
BRDA:333,66,0,0
BRDA:333,66,1,0
BRDA:337,67,0,0
BRDA:337,67,1,0
BRDA:337,68,0,0
BRDA:337,68,1,0
BRDA:341,69,0,0
BRDA:341,69,1,0
BRDA:341,70,0,0
BRDA:341,70,1,0
BRDA:345,71,0,0
BRDA:345,71,1,0
BRDA:345,72,0,0
BRDA:345,72,1,0
BRDA:349,73,0,0
BRDA:349,73,1,0
BRDA:349,74,0,0
BRDA:349,74,1,0
BRDA:353,75,0,0
BRDA:353,75,1,0
BRDA:353,76,0,0
BRDA:353,76,1,0
BRDA:359,77,0,0
BRDA:359,77,1,0
BRDA:359,78,0,0
BRDA:359,78,1,0
BRDA:369,79,0,0
BRDA:369,79,1,0
BRDA:370,80,0,0
BRDA:370,80,1,0
BRDA:371,81,0,0
BRDA:371,81,1,0
BRDA:372,82,0,0
BRDA:372,82,1,0
BRDA:376,83,0,0
BRDA:376,83,1,0
BRDA:377,84,0,0
BRDA:377,84,1,0
BRDA:378,85,0,0
BRDA:378,85,1,0
BRDA:394,86,0,0
BRDA:394,86,1,0
BRDA:395,87,0,0
BRDA:395,87,1,0
BRF:179
BRH:0
end_of_record
TN:
SF:src/contexts/RsvpContext.tsx
FN:7,RsvpProvider
FN:13,(anonymous_1)
FNF:2
FNH:0
FNDA:0,RsvpProvider
FNDA:0,(anonymous_1)
DA:8,0
DA:9,0
DA:11,0
DA:13,0
DA:23,0
LF:5
LH:0
BRF:0
BRH:0
end_of_record
TN:
SF:src/contexts/SuperAdminContext.tsx
FN:18,SuperAdminProvider
FN:28,(anonymous_1)
FN:29,(anonymous_2)
FN:38,(anonymous_3)
FN:47,(anonymous_4)
FN:50,(anonymous_5)
FN:54,(anonymous_6)
FN:57,(anonymous_7)
FN:92,(anonymous_8)
FN:97,(anonymous_9)
FN:98,(anonymous_10)
FN:103,(anonymous_11)
FN:117,useSuperAdmin
FNF:13
FNH:0
FNDA:0,SuperAdminProvider
FNDA:0,(anonymous_1)
FNDA:0,(anonymous_2)
FNDA:0,(anonymous_3)
FNDA:0,(anonymous_4)
FNDA:0,(anonymous_5)
FNDA:0,(anonymous_6)
FNDA:0,(anonymous_7)
FNDA:0,(anonymous_8)
FNDA:0,(anonymous_9)
FNDA:0,(anonymous_10)
FNDA:0,(anonymous_11)
FNDA:0,useSuperAdmin
DA:13,0
DA:16,0
DA:19,0
DA:20,0
DA:21,0
DA:22,0
DA:23,0
DA:24,0
DA:26,0
DA:28,0
DA:29,0
DA:30,0
DA:31,0
DA:32,0
DA:33,0
DA:35,0
DA:37,0
DA:38,0
DA:40,0
DA:42,0
DA:44,0
DA:47,0
DA:48,0
DA:49,0
DA:50,0
DA:52,0
DA:54,0
DA:57,0
DA:58,0
DA:59,0
DA:60,0
DA:61,0
DA:62,0
DA:63,0
DA:64,0
DA:65,0
DA:66,0
DA:68,0
DA:69,0
DA:70,0
DA:71,0
DA:72,0
DA:73,0
DA:75,0
DA:77,0
DA:78,0
DA:79,0
DA:80,0
DA:81,0
DA:82,0
DA:83,0
DA:84,0
DA:86,0
DA:88,0
DA:92,0
DA:93,0
DA:94,0
DA:95,0
DA:96,0
DA:97,0
DA:98,0
DA:100,0
DA:103,0
DA:113,0
DA:118,0
DA:119,0
DA:120,0
LF:67
LH:0
BRDA:13,0,0,0
BRDA:13,0,1,0
BRDA:31,1,0,0
BRDA:31,1,1,0
BRDA:31,2,0,0
BRDA:31,2,1,0
BRDA:31,2,2,0
BRDA:33,3,0,0
BRDA:33,3,1,0
BRDA:33,4,0,0
BRDA:33,4,1,0
BRDA:33,4,2,0
BRDA:37,5,0,0
BRDA:37,5,1,0
BRDA:37,6,0,0
BRDA:37,6,1,0
BRDA:48,7,0,0
BRDA:48,7,1,0
BRDA:52,8,0,0
BRDA:52,8,1,0
BRDA:54,9,0,0
BRDA:54,9,1,0
BRDA:62,10,0,0
BRDA:62,10,1,0
BRDA:78,11,0,0
BRDA:78,11,1,0
BRDA:78,12,0,0
BRDA:78,12,1,0
BRDA:78,12,2,0
BRDA:79,13,0,0
BRDA:79,13,1,0
BRDA:79,14,0,0
BRDA:79,14,1,0
BRDA:79,14,2,0
BRDA:81,15,0,0
BRDA:81,15,1,0
BRDA:83,16,0,0
BRDA:83,16,1,0
BRDA:119,17,0,0
BRDA:119,17,1,0
BRF:40
BRH:0
end_of_record
TN:
SF:src/contexts/ToastContext.tsx
FN:23,ToastProviderInner
FN:27,(anonymous_1)
FN:30,(anonymous_2)
FN:30,(anonymous_3)
FN:33,(anonymous_4)
FN:34,(anonymous_5)
FN:35,(anonymous_6)
FN:36,(anonymous_7)
FN:38,(anonymous_8)
FN:42,(anonymous_9)
FN:44,(anonymous_10)
FN:49,(anonymous_11)
FN:51,(anonymous_12)
FN:53,(anonymous_13)
FN:54,(anonymous_14)
FN:55,(anonymous_15)
FN:59,(anonymous_16)
FN:60,(anonymous_17)
FN:61,(anonymous_18)
FN:66,(anonymous_19)
FN:67,(anonymous_20)
FN:68,(anonymous_21)
FN:82,(anonymous_22)
FN:102,(anonymous_23)
FN:112,ToastProvider
FNF:25
FNH:0
FNDA:0,ToastProviderInner
FNDA:0,(anonymous_1)
FNDA:0,(anonymous_2)
FNDA:0,(anonymous_3)
FNDA:0,(anonymous_4)
FNDA:0,(anonymous_5)
FNDA:0,(anonymous_6)
FNDA:0,(anonymous_7)
FNDA:0,(anonymous_8)
FNDA:0,(anonymous_9)
FNDA:0,(anonymous_10)
FNDA:0,(anonymous_11)
FNDA:0,(anonymous_12)
FNDA:0,(anonymous_13)
FNDA:0,(anonymous_14)
FNDA:0,(anonymous_15)
FNDA:0,(anonymous_16)
FNDA:0,(anonymous_17)
FNDA:0,(anonymous_18)
FNDA:0,(anonymous_19)
FNDA:0,(anonymous_20)
FNDA:0,(anonymous_21)
FNDA:0,(anonymous_22)
FNDA:0,(anonymous_23)
FNDA:0,ToastProvider
DA:7,0
DA:24,0
DA:25,0
DA:27,0
DA:28,0
DA:29,0
DA:30,0
DA:33,0
DA:34,0
DA:35,0
DA:36,0
DA:38,0
DA:42,0
DA:43,0
DA:44,0
DA:45,0
DA:46,0
DA:49,0
DA:50,0
DA:51,0
DA:53,0
DA:54,0
DA:55,0
DA:59,0
DA:60,0
DA:61,0
DA:63,0
DA:66,0
DA:67,0
DA:68,0
DA:70,0
DA:73,0
DA:76,0
DA:78,0
DA:83,0
DA:102,0
DA:113,0
DA:114,0
LF:38
LH:0
BRDA:23,0,0,0
BRDA:36,1,0,0
BRDA:36,1,1,0
BRDA:42,2,0,0
BRDA:55,3,0,0
BRDA:55,3,1,0
BRDA:61,4,0,0
BRDA:61,4,1,0
BRDA:68,5,0,0
BRDA:68,5,1,0
BRDA:85,6,0,0
BRDA:85,6,1,0
BRDA:89,7,0,0
BRDA:89,7,1,0
BRDA:89,8,0,0
BRDA:89,8,1,0
BRDA:89,9,0,0
BRDA:89,9,1,0
BRDA:93,10,0,0
BRDA:93,10,1,0
BRF:20
BRH:0
end_of_record
TN:
SF:src/contexts/UIContext.tsx
FN:6,UIProvider
FN:18,(anonymous_1)
FN:24,(anonymous_2)
FN:44,(anonymous_3)
FNF:4
FNH:0
FNDA:0,UIProvider
FNDA:0,(anonymous_1)
FNDA:0,(anonymous_2)
FNDA:0,(anonymous_3)
DA:7,0
DA:8,0
DA:9,0
DA:10,0
DA:11,0
DA:12,0
DA:13,0
DA:14,0
DA:15,0
DA:16,0
DA:18,0
DA:19,0
DA:20,0
DA:21,0
DA:24,0
DA:42,0
DA:44,0
LF:17
LH:0
BRDA:44,0,0,0
BRDA:44,0,1,0
BRF:2
BRH:0
end_of_record
TN:
SF:src/contexts/index.ts
FNF:0
FNH:0
LF:0
LH:0
BRF:0
BRH:0
end_of_record
TN:
SF:src/contexts/useApp.ts
FN:6,useApp
FNF:1
FNH:0
FNDA:0,useApp
DA:4,0
DA:7,0
DA:8,0
DA:9,0
LF:4
LH:0
BRDA:8,0,0,0
BRDA:8,0,1,0
BRF:2
BRH:0
end_of_record
TN:
SF:src/contexts/useAppUI.ts
FN:5,useAppUI
FNF:1
FNH:0
FNDA:0,useAppUI
DA:3,0
DA:6,0
DA:7,0
DA:8,0
LF:4
LH:0
BRDA:7,0,0,0
BRDA:7,0,1,0
BRF:2
BRH:0
end_of_record
TN:
SF:src/contexts/useAuth.ts
FN:6,useAuth
FNF:1
FNH:0
FNDA:0,useAuth
DA:4,0
DA:7,0
DA:8,0
DA:9,0
LF:4
LH:0
BRDA:8,0,0,0
BRDA:8,0,1,0
BRF:2
BRH:0
end_of_record
TN:
SF:src/contexts/useConfig.ts
FN:34,useConfig
FNF:1
FNH:0
FNDA:0,useConfig
DA:32,0
DA:35,0
DA:36,0
DA:37,0
LF:4
LH:0
BRDA:36,0,0,0
BRDA:36,0,1,0
BRF:2
BRH:0
end_of_record
TN:
SF:src/contexts/useRsvpContext.ts
FN:6,useRsvpContext
FNF:1
FNH:0
FNDA:0,useRsvpContext
DA:4,0
DA:7,0
DA:8,0
DA:9,0
LF:4
LH:0
BRDA:8,0,0,0
BRDA:8,0,1,0
BRF:2
BRH:0
end_of_record
TN:
SF:src/hooks/useAutoSave.ts
FN:9,useAutoSave
FN:14,(anonymous_1)
FN:36,(anonymous_2)
FN:40,(anonymous_3)
FN:46,(anonymous_4)
FN:54,(anonymous_5)
FN:55,(anonymous_6)
FNF:7
FNH:4
FNDA:1,useAutoSave
FNDA:0,(anonymous_1)
FNDA:1,(anonymous_2)
FNDA:0,(anonymous_3)
FNDA:0,(anonymous_4)
FNDA:1,(anonymous_5)
FNDA:1,(anonymous_6)
DA:10,1
DA:11,1
DA:12,1
DA:14,1
DA:15,0
DA:16,0
DA:17,0
DA:18,0
DA:19,0
DA:20,0
DA:21,0
DA:22,0
DA:23,0
DA:24,0
DA:25,0
DA:26,0
DA:28,0
DA:29,0
DA:31,0
DA:32,0
DA:36,1
DA:37,1
DA:38,1
DA:39,0
DA:40,0
DA:41,0
DA:42,0
DA:43,0
DA:46,0
DA:47,0
DA:48,0
DA:49,0
DA:54,1
DA:55,1
DA:56,1
DA:57,0
DA:58,0
DA:63,1
LF:38
LH:11
BRDA:15,0,0,0
BRDA:15,0,1,0
BRDA:15,1,0,0
BRDA:15,1,1,0
BRDA:17,2,0,0
BRDA:17,2,1,0
BRDA:20,3,0,0
BRDA:20,3,1,0
BRDA:21,4,0,0
BRDA:21,4,1,0
BRDA:22,5,0,0
BRDA:22,5,1,0
BRDA:25,6,0,0
BRDA:25,6,1,0
BRDA:28,7,0,0
BRDA:28,7,1,0
BRDA:32,8,0,0
BRDA:32,8,1,0
BRDA:37,9,0,0
BRDA:37,9,1,1
BRDA:37,10,0,1
BRDA:37,10,1,1
BRDA:38,11,0,1
BRDA:38,11,1,0
BRDA:39,12,0,0
BRDA:39,12,1,0
BRDA:42,13,0,0
BRDA:42,13,1,0
BRDA:42,14,0,0
BRDA:42,14,1,0
BRDA:47,15,0,0
BRDA:47,15,1,0
BRDA:56,16,0,0
BRDA:56,16,1,1
BRF:34
BRH:5
end_of_record
TN:
SF:src/hooks/useCalendar.ts
FN:6,useCalendar
FN:8,(anonymous_1)
FN:21,(anonymous_2)
FN:28,(anonymous_3)
FNF:4
FNH:4
FNDA:7,useCalendar
FNDA:7,(anonymous_1)
FNDA:7,(anonymous_2)
FNDA:7,(anonymous_3)
DA:7,7
DA:8,7
DA:9,7
DA:10,7
DA:11,7
DA:12,7
DA:13,6
DA:14,6
DA:15,5
DA:16,5
DA:21,7
DA:22,7
DA:23,7
DA:24,7
DA:25,6
DA:28,7
DA:29,7
DA:30,7
DA:31,7
DA:32,7
DA:33,7
DA:35,7
DA:37,4
DA:38,4
DA:40,3
DA:41,3
DA:42,7
DA:43,7
DA:44,7
DA:50,7
DA:53,7
LF:31
LH:31
BRDA:12,0,0,1
BRDA:12,0,1,6
BRDA:12,1,0,7
BRDA:12,1,1,6
BRDA:12,1,2,6
BRDA:14,2,0,1
BRDA:14,2,1,5
BRDA:16,3,0,5
BRDA:16,3,1,0
BRDA:24,4,0,1
BRDA:24,4,1,6
BRDA:24,5,0,7
BRDA:24,5,1,6
BRDA:35,6,0,3
BRDA:35,6,1,4
BRDA:35,7,0,7
BRDA:35,7,1,5
BRDA:35,7,2,5
BRDA:35,7,3,5
BRDA:35,7,4,4
BRDA:38,8,0,1
BRDA:38,8,1,3
BRDA:38,9,0,4
BRDA:38,9,1,4
BRDA:38,9,2,3
BRDA:41,10,0,3
BRDA:41,10,1,0
BRDA:43,11,0,7
BRDA:43,11,1,0
BRDA:46,12,0,3
BRDA:46,12,1,0
BRDA:47,13,0,3
BRDA:47,13,1,0
BRF:33
BRH:28
end_of_record
TN:
SF:src/hooks/useFieldHandlers.ts
FN:3,useFieldHandlers
FN:4,(anonymous_1)
FN:15,(anonymous_2)
FN:26,(anonymous_3)
FN:41,(anonymous_4)
FN:52,(anonymous_5)
FN:66,(anonymous_6)
FNF:7
FNH:7
FNDA:19,useFieldHandlers
FNDA:5,(anonymous_1)
FNDA:4,(anonymous_2)
FNDA:6,(anonymous_3)
FNDA:3,(anonymous_4)
FNDA:4,(anonymous_5)
FNDA:3,(anonymous_6)
DA:4,19
DA:5,5
DA:6,5
DA:7,1
DA:8,1
DA:10,4
DA:11,4
DA:12,4
DA:15,19
DA:16,4
DA:17,4
DA:18,1
DA:19,1
DA:21,3
DA:22,3
DA:23,3
DA:26,19
DA:27,6
DA:28,6
DA:29,1
DA:30,1
DA:32,5
DA:33,2
DA:34,2
DA:36,3
DA:37,3
DA:38,3
DA:41,19
DA:42,3
DA:43,3
DA:44,1
DA:45,1
DA:47,2
DA:48,2
DA:49,2
DA:52,19
DA:53,4
DA:54,4
DA:55,1
DA:56,1
DA:58,3
DA:59,3
DA:60,1
DA:61,1
DA:63,2
DA:66,19
DA:67,3
DA:68,3
DA:71,19
LF:49
LH:49
BRDA:6,0,0,1
BRDA:6,0,1,4
BRDA:17,1,0,1
BRDA:17,1,1,3
BRDA:28,2,0,1
BRDA:28,2,1,5
BRDA:32,3,0,2
BRDA:32,3,1,3
BRDA:42,4,0,3
BRDA:42,4,1,0
BRDA:43,5,0,1
BRDA:43,5,1,2
BRDA:54,6,0,1
BRDA:54,6,1,3
BRDA:59,7,0,1
BRDA:59,7,1,2
BRDA:59,8,0,3
BRDA:59,8,1,2
BRF:18
BRH:17
end_of_record
TN:
SF:src/hooks/useFocusTrap.ts
FN:5,useFocusTrap
FN:9,(anonymous_1)
FN:18,(anonymous_2)
FN:28,(anonymous_3)
FN:42,useEscapeKey
FN:43,(anonymous_5)
FN:45,(anonymous_6)
FN:47,(anonymous_7)
FNF:8
FNH:7
FNDA:8,useFocusTrap
FNDA:8,(anonymous_1)
FNDA:0,(anonymous_2)
FNDA:3,(anonymous_3)
FNDA:9,useEscapeKey
FNDA:9,(anonymous_5)
FNDA:2,(anonymous_6)
FNDA:4,(anonymous_7)
DA:3,6
DA:6,8
DA:7,8
DA:9,8
DA:10,8
DA:11,4
DA:12,4
DA:13,4
DA:14,3
DA:15,3
DA:16,3
DA:18,8
DA:19,0
DA:20,0
DA:21,0
DA:22,0
DA:23,0
DA:24,0
DA:27,8
DA:28,8
DA:29,3
DA:30,3
DA:34,8
DA:43,9
DA:44,9
DA:45,4
DA:46,4
DA:47,4
LF:28
LH:22
BRDA:10,0,0,4
BRDA:10,0,1,4
BRDA:13,1,0,1
BRDA:13,1,1,3
BRDA:19,2,0,0
BRDA:19,2,1,0
BRDA:23,3,0,0
BRDA:23,3,1,0
BRDA:23,4,0,0
BRDA:23,4,1,0
BRDA:24,5,0,0
BRDA:24,5,1,0
BRDA:24,6,0,0
BRDA:24,6,1,0
BRDA:42,7,0,9
BRDA:44,8,0,5
BRDA:44,8,1,4
BRDA:45,9,0,1
BRDA:45,9,1,1
BRF:19
BRH:9
end_of_record
TN:
SF:src/hooks/useMapPreview.ts
FN:6,useMapPreview
FN:11,(anonymous_1)
FN:24,(anonymous_2)
FN:47,(anonymous_3)
FNF:4
FNH:4
FNDA:13,useMapPreview
FNDA:6,(anonymous_1)
FNDA:1,(anonymous_2)
FNDA:4,(anonymous_3)
DA:7,13
DA:8,13
DA:9,13
DA:11,13
DA:12,6
DA:13,6
DA:14,6
DA:15,2
DA:16,2
DA:17,2
DA:20,4
DA:21,4
DA:22,4
DA:24,4
DA:25,1
DA:26,1
DA:31,1
DA:32,0
DA:33,0
DA:35,1
DA:40,1
DA:41,1
DA:43,1
DA:47,4
DA:50,13
LF:25
LH:23
BRDA:12,0,0,6
BRDA:12,0,1,1
BRDA:14,1,0,2
BRDA:14,1,1,4
BRDA:14,2,0,6
BRDA:14,2,1,2
BRDA:31,3,0,0
BRDA:31,3,1,1
BRDA:32,4,0,0
BRDA:32,4,1,0
BRDA:40,5,0,0
BRDA:40,5,1,1
BRDA:41,6,0,1
BRDA:41,6,1,0
BRDA:43,7,0,1
BRDA:43,7,1,0
BRF:16
BRH:10
end_of_record
TN:
SF:src/hooks/useReducedMotion.ts
FN:3,getSnapshot
FN:7,subscribe
FN:10,(anonymous_2)
FN:13,useReducedMotion
FNF:4
FNH:4
FNDA:12,getSnapshot
FNDA:4,subscribe
FNDA:4,(anonymous_2)
FNDA:4,useReducedMotion
DA:4,12
DA:8,4
DA:9,4
DA:10,4
DA:14,4
LF:5
LH:5
BRF:0
BRH:0
end_of_record
TN:
SF:src/hooks/useRsvp.ts
FN:10,legacyToAttendees
FN:18,(anonymous_1)
FN:26,(anonymous_2)
FN:37,useRsvp
FN:55,(anonymous_4)
FN:57,(anonymous_5)
FN:64,(anonymous_6)
FN:106,(anonymous_7)
FN:115,(anonymous_8)
FN:120,(anonymous_9)
FN:127,(anonymous_10)
FN:132,(anonymous_11)
FN:146,(anonymous_12)
FN:148,(anonymous_13)
FN:150,(anonymous_14)
FN:160,(anonymous_15)
FN:163,(anonymous_16)
FN:167,(anonymous_17)
FN:171,(anonymous_18)
FN:179,(anonymous_19)
FN:185,(anonymous_20)
FN:186,(anonymous_21)
FN:195,(anonymous_22)
FN:213,(anonymous_23)
FN:241,(anonymous_24)
FN:247,(anonymous_25)
FN:252,(anonymous_26)
FN:252,(anonymous_27)
FN:267,(anonymous_28)
FN:271,(anonymous_29)
FNF:30
FNH:16
FNDA:0,legacyToAttendees
FNDA:0,(anonymous_1)
FNDA:0,(anonymous_2)
FNDA:37,useRsvp
FNDA:13,(anonymous_4)
FNDA:13,(anonymous_5)
FNDA:0,(anonymous_6)
FNDA:0,(anonymous_7)
FNDA:13,(anonymous_8)
FNDA:17,(anonymous_9)
FNDA:0,(anonymous_10)
FNDA:0,(anonymous_11)
FNDA:0,(anonymous_12)
FNDA:17,(anonymous_13)
FNDA:4,(anonymous_14)
FNDA:13,(anonymous_15)
FNDA:2,(anonymous_16)
FNDA:1,(anonymous_17)
FNDA:0,(anonymous_18)
FNDA:1,(anonymous_19)
FNDA:1,(anonymous_20)
FNDA:1,(anonymous_21)
FNDA:1,(anonymous_22)
FNDA:1,(anonymous_23)
FNDA:2,(anonymous_24)
FNDA:0,(anonymous_25)
FNDA:0,(anonymous_26)
FNDA:0,(anonymous_27)
FNDA:0,(anonymous_28)
FNDA:0,(anonymous_29)
DA:11,0
DA:12,0
DA:13,0
DA:14,0
DA:17,0
DA:18,0
DA:20,0
DA:26,0
DA:27,0
DA:34,0
DA:38,37
DA:39,37
DA:40,37
DA:50,37
DA:51,37
DA:52,37
DA:53,37
DA:55,37
DA:56,13
DA:57,13
DA:58,13
DA:59,13
DA:60,13
DA:61,13
DA:62,13
DA:65,0
DA:67,0
DA:76,0
DA:80,0
DA:81,0
DA:82,0
DA:88,0
DA:91,0
DA:107,0
DA:109,13
DA:111,0
DA:114,13
DA:115,13
DA:116,13
DA:120,37
DA:121,17
DA:122,17
DA:123,15
DA:124,15
DA:125,15
DA:127,2
DA:128,17
DA:129,0
DA:130,0
DA:131,0
DA:132,0
DA:138,0
DA:141,2
DA:142,2
DA:146,37
DA:148,37
DA:149,17
DA:150,4
DA:155,4
DA:157,13
DA:158,2
DA:160,13
DA:163,37
DA:164,2
DA:165,1
DA:166,1
DA:167,1
DA:168,1
DA:170,1
DA:171,0
DA:172,0
DA:174,1
DA:175,1
DA:176,1
DA:177,1
DA:178,1
DA:179,1
DA:180,1
DA:182,1
DA:185,37
DA:186,1
DA:187,1
DA:188,1
DA:189,1
DA:190,1
DA:191,1
DA:192,1
DA:195,1
DA:206,1
DA:207,1
DA:208,1
DA:209,0
DA:210,0
DA:212,1
DA:213,1
DA:217,1
DA:222,1
DA:227,1
DA:228,1
DA:229,1
DA:232,37
DA:238,37
DA:239,37
DA:241,37
DA:242,2
DA:243,2
DA:244,2
DA:247,37
DA:248,0
DA:249,0
DA:250,0
DA:251,0
DA:252,0
DA:253,0
DA:254,0
DA:259,0
DA:260,0
DA:261,0
DA:263,0
DA:267,37
DA:268,0
DA:269,0
DA:270,0
DA:271,0
DA:272,0
DA:273,0
DA:274,0
DA:276,0
DA:277,0
DA:281,37
LF:130
LH:81
BRDA:11,0,0,0
BRDA:11,0,1,0
BRDA:13,1,0,0
BRDA:13,1,1,0
BRDA:13,2,0,0
BRDA:13,2,1,0
BRDA:18,3,0,0
BRDA:18,3,1,0
BRDA:21,4,0,0
BRDA:21,4,1,0
BRDA:22,5,0,0
BRDA:22,5,1,0
BRDA:58,6,0,0
BRDA:58,6,1,13
BRDA:61,7,0,0
BRDA:61,7,1,13
BRDA:67,8,0,0
BRDA:67,8,1,0
BRDA:69,9,0,0
BRDA:69,9,1,0
BRDA:71,10,0,0
BRDA:71,10,1,0
BRDA:76,11,0,0
BRDA:76,11,1,0
BRDA:80,12,0,0
BRDA:80,12,1,0
BRDA:81,13,0,0
BRDA:81,13,1,0
BRDA:81,14,0,0
BRDA:81,14,1,0
BRDA:81,14,2,0
BRDA:83,15,0,0
BRDA:83,15,1,0
BRDA:84,16,0,0
BRDA:84,16,1,0
BRDA:85,17,0,0
BRDA:85,17,1,0
BRDA:93,18,0,0
BRDA:93,18,1,0
BRDA:94,19,0,0
BRDA:94,19,1,0
BRDA:97,20,0,0
BRDA:97,20,1,0
BRDA:97,21,0,0
BRDA:97,21,1,0
BRDA:98,22,0,0
BRDA:98,22,1,0
BRDA:99,23,0,0
BRDA:99,23,1,0
BRDA:100,24,0,0
BRDA:100,24,1,0
BRDA:101,25,0,0
BRDA:101,25,1,0
BRDA:109,26,0,13
BRDA:109,26,1,0
BRDA:111,27,0,0
BRDA:111,27,1,0
BRDA:122,28,0,15
BRDA:122,28,1,2
BRDA:127,29,0,2
BRDA:127,29,1,2
BRDA:128,30,0,0
BRDA:128,30,1,2
BRDA:129,31,0,0
BRDA:129,31,1,0
BRDA:135,32,0,0
BRDA:135,32,1,0
BRDA:149,33,0,4
BRDA:149,33,1,13
BRDA:153,34,0,3
BRDA:153,34,1,1
BRDA:153,35,0,0
BRDA:153,35,1,1
BRDA:157,36,0,2
BRDA:157,36,1,11
BRDA:164,37,0,1
BRDA:164,37,1,1
BRDA:165,38,0,0
BRDA:165,38,1,1
BRDA:165,39,0,1
BRDA:165,39,1,1
BRDA:166,40,0,1
BRDA:166,40,1,0
BRDA:168,41,0,0
BRDA:168,41,1,1
BRDA:170,42,0,0
BRDA:170,42,1,1
BRDA:170,43,0,1
BRDA:170,43,1,1
BRDA:172,44,0,0
BRDA:172,44,1,0
BRDA:174,45,0,0
BRDA:174,45,1,1
BRDA:175,46,0,0
BRDA:175,46,1,1
BRDA:177,47,0,0
BRDA:177,47,1,1
BRDA:177,48,0,1
BRDA:177,48,1,1
BRDA:177,48,2,0
BRDA:178,49,0,1
BRDA:178,49,1,0
BRDA:179,50,0,1
BRDA:179,50,1,1
BRDA:180,51,0,0
BRDA:180,51,1,1
BRDA:180,52,0,1
BRDA:180,52,1,0
BRDA:186,53,0,1
BRDA:186,53,1,0
BRDA:197,54,0,1
BRDA:197,54,1,1
BRDA:198,55,0,1
BRDA:198,55,1,0
BRDA:206,56,0,1
BRDA:206,56,1,0
BRDA:207,57,0,0
BRDA:207,57,1,1
BRDA:207,58,0,1
BRDA:207,58,1,1
BRDA:208,59,0,0
BRDA:208,59,1,1
BRDA:218,60,0,1
BRDA:218,60,1,0
BRDA:239,61,0,37
BRDA:239,61,1,35
BRDA:243,62,0,0
BRDA:243,62,1,2
BRDA:248,63,0,0
BRDA:248,63,1,0
BRDA:249,64,0,0
BRDA:249,64,1,0
BRDA:268,65,0,0
BRDA:268,65,1,0
BRF:134
BRH:48
end_of_record
TN:
SF:src/hooks/useRsvpSubmit.ts
FN:16,useRsvpSubmit
FN:20,(anonymous_1)
FN:41,(anonymous_2)
FNF:3
FNH:3
FNDA:49,useRsvpSubmit
FNDA:7,(anonymous_1)
FNDA:1,(anonymous_2)
DA:17,49
DA:18,49
DA:20,49
DA:21,7
DA:22,4
DA:23,4
DA:24,3
DA:25,3
DA:28,4
DA:29,4
DA:30,4
DA:31,4
DA:32,3
DA:34,1
DA:35,1
DA:37,4
DA:41,49
DA:43,49
LF:18
LH:18
BRDA:21,0,0,4
BRDA:21,0,1,3
BRDA:23,1,0,3
BRDA:23,1,1,1
BRDA:34,2,0,1
BRDA:34,2,1,0
BRF:6
BRH:5
end_of_record
TN:
SF:src/hooks/useSetupAuth.ts
FN:37,useSetupAuth
FN:60,(anonymous_1)
FN:67,(anonymous_2)
FN:73,(anonymous_3)
FN:83,(anonymous_4)
FN:92,(anonymous_5)
FN:94,(anonymous_6)
FN:108,(anonymous_7)
FN:112,(anonymous_8)
FN:118,(anonymous_9)
FN:136,(anonymous_10)
FN:191,(anonymous_11)
FN:206,(anonymous_12)
FN:223,(anonymous_13)
FN:258,(anonymous_14)
FN:278,(anonymous_15)
FN:315,(anonymous_16)
FN:342,(anonymous_17)
FN:367,(anonymous_18)
FNF:19
FNH:6
FNDA:1,useSetupAuth
FNDA:1,(anonymous_1)
FNDA:1,(anonymous_2)
FNDA:0,(anonymous_3)
FNDA:0,(anonymous_4)
FNDA:1,(anonymous_5)
FNDA:0,(anonymous_6)
FNDA:0,(anonymous_7)
FNDA:1,(anonymous_8)
FNDA:1,(anonymous_9)
FNDA:0,(anonymous_10)
FNDA:0,(anonymous_11)
FNDA:0,(anonymous_12)
FNDA:0,(anonymous_13)
FNDA:0,(anonymous_14)
FNDA:0,(anonymous_15)
FNDA:0,(anonymous_16)
FNDA:0,(anonymous_17)
FNDA:0,(anonymous_18)
DA:38,1
DA:39,1
DA:41,1
DA:42,1
DA:43,1
DA:44,1
DA:45,1
DA:46,1
DA:48,1
DA:49,1
DA:50,1
DA:53,1
DA:55,1
DA:57,1
DA:60,1
DA:67,1
DA:68,1
DA:69,1
DA:70,0
DA:73,0
DA:74,0
DA:75,0
DA:76,0
DA:77,0
DA:78,0
DA:79,0
DA:81,0
DA:84,0
DA:92,1
DA:93,1
DA:94,0
DA:95,0
DA:96,0
DA:97,0
DA:101,0
DA:102,0
DA:103,0
DA:107,0
DA:108,0
DA:110,1
DA:112,1
DA:118,1
DA:119,1
DA:120,0
DA:136,1
DA:137,0
DA:140,0
DA:141,0
DA:142,0
DA:143,0
DA:144,0
DA:145,0
DA:149,0
DA:150,0
DA:151,0
DA:152,0
DA:153,0
DA:154,0
DA:155,0
DA:156,0
DA:157,0
DA:161,0
DA:162,0
DA:163,0
DA:169,0
DA:170,0
DA:171,0
DA:172,0
DA:173,0
DA:174,0
DA:175,0
DA:176,0
DA:178,0
DA:179,0
DA:180,0
DA:184,0
DA:191,1
DA:192,0
DA:193,0
DA:194,0
DA:195,0
DA:196,0
DA:197,0
DA:199,0
DA:202,0
DA:203,0
DA:206,0
DA:207,0
DA:208,0
DA:209,0
DA:211,0
DA:212,0
DA:215,0
DA:223,1
DA:224,0
DA:225,0
DA:227,0
DA:228,0
DA:229,0
DA:230,0
DA:233,0
DA:234,0
DA:235,0
DA:237,0
DA:238,0
DA:239,0
DA:240,0
DA:241,0
DA:242,0
DA:243,0
DA:244,0
DA:245,0
DA:246,0
DA:248,0
DA:250,0
DA:258,1
DA:259,0
DA:260,0
DA:262,0
DA:263,0
DA:264,0
DA:265,0
DA:266,0
DA:270,0
DA:271,0
DA:272,0
DA:273,0
DA:276,0
DA:277,0
DA:278,0
DA:279,0
DA:280,0
DA:283,0
DA:285,0
DA:286,0
DA:287,0
DA:288,0
DA:289,0
DA:290,0
DA:291,0
DA:292,0
DA:293,0
DA:295,0
DA:296,0
DA:297,0
DA:299,0
DA:302,0
DA:315,1
DA:316,0
DA:317,0
DA:318,0
DA:319,0
DA:320,0
DA:321,0
DA:322,0
DA:323,0
DA:324,0
DA:325,0
DA:326,0
DA:327,0
DA:329,0
DA:330,0
DA:331,0
DA:335,0
DA:342,1
DA:343,0
DA:344,0
DA:345,0
DA:346,0
DA:347,0
DA:348,0
DA:349,0
DA:350,0
DA:351,0
DA:353,0
DA:354,0
DA:355,0
DA:356,0
DA:357,0
DA:359,0
DA:367,1
DA:368,0
DA:369,0
DA:370,0
DA:371,0
DA:372,0
DA:373,0
DA:374,0
DA:375,0
DA:377,0
DA:381,1
LF:191
LH:32
BRDA:69,0,0,1
BRDA:69,0,1,0
BRDA:69,1,0,1
BRDA:69,1,1,0
BRDA:69,1,2,0
BRDA:70,2,0,0
BRDA:70,2,1,0
BRDA:74,3,0,0
BRDA:74,3,1,0
BRDA:74,4,0,0
BRDA:74,4,1,0
BRDA:93,5,0,0
BRDA:93,5,1,1
BRDA:101,6,0,0
BRDA:101,6,1,0
BRDA:101,7,0,0
BRDA:101,7,1,0
BRDA:110,8,0,0
BRDA:110,8,1,1
BRDA:112,9,0,0
BRDA:112,9,1,1
BRDA:119,10,0,0
BRDA:119,10,1,1
BRDA:119,11,0,1
BRDA:119,11,1,0
BRDA:119,11,2,0
BRDA:137,12,0,0
BRDA:137,12,1,0
BRDA:140,13,0,0
BRDA:140,13,1,0
BRDA:142,14,0,0
BRDA:142,14,1,0
BRDA:151,15,0,0
BRDA:151,15,1,0
BRDA:153,16,0,0
BRDA:153,16,1,0
BRDA:161,17,0,0
BRDA:161,17,1,0
BRDA:161,18,0,0
BRDA:161,18,1,0
BRDA:173,19,0,0
BRDA:173,19,1,0
BRDA:178,20,0,0
BRDA:178,20,1,0
BRDA:178,21,0,0
BRDA:178,21,1,0
BRDA:194,22,0,0
BRDA:194,22,1,0
BRDA:194,23,0,0
BRDA:194,23,1,0
BRDA:196,24,0,0
BRDA:196,24,1,0
BRDA:202,25,0,0
BRDA:202,25,1,0
BRDA:202,26,0,0
BRDA:202,26,1,0
BRDA:208,27,0,0
BRDA:208,27,1,0
BRDA:211,28,0,0
BRDA:211,28,1,0
BRDA:228,29,0,0
BRDA:228,29,1,0
BRDA:237,30,0,0
BRDA:237,30,1,0
BRDA:237,30,2,0
BRDA:239,31,0,0
BRDA:239,31,1,0
BRDA:264,32,0,0
BRDA:264,32,1,0
BRDA:264,33,0,0
BRDA:264,33,1,0
BRDA:270,34,0,0
BRDA:270,34,1,0
BRDA:271,35,0,0
BRDA:271,35,1,0
BRDA:271,36,0,0
BRDA:271,36,1,0
BRDA:279,37,0,0
BRDA:279,37,1,0
BRDA:279,38,0,0
BRDA:279,38,1,0
BRDA:283,39,0,0
BRDA:283,39,1,0
BRDA:296,40,0,0
BRDA:296,40,1,0
BRDA:324,41,0,0
BRDA:324,41,1,0
BRDA:329,42,0,0
BRDA:329,42,1,0
BRDA:329,43,0,0
BRDA:329,43,1,0
BRDA:343,44,0,0
BRDA:343,44,1,0
BRDA:346,45,0,0
BRDA:346,45,1,0
BRDA:347,46,0,0
BRDA:347,46,1,0
BRDA:348,47,0,0
BRDA:348,47,1,0
BRDA:349,48,0,0
BRDA:349,48,1,0
BRDA:349,49,0,0
BRDA:349,49,1,0
BRDA:368,50,0,0
BRDA:368,50,1,0
BRDA:372,51,0,0
BRDA:372,51,1,0
BRDA:372,51,2,0
BRF:108
BRH:7
end_of_record
TN:
SF:src/hooks/useStoryNavigation.ts
FN:9,useStoryNavigation
FN:10,(anonymous_1)
FN:11,(anonymous_2)
FN:20,(anonymous_3)
FNF:4
FNH:4
FNDA:7,useStoryNavigation
FNDA:3,(anonymous_1)
FNDA:1,(anonymous_2)
FNDA:1,(anonymous_3)
DA:10,7
DA:11,7
DA:12,1
DA:14,7
LF:4
LH:4
BRDA:15,0,0,7
BRDA:15,0,1,1
BRF:2
BRH:2
end_of_record
TN:
SF:src/hooks/useToast.ts
FN:10,useToast
FNF:1
FNH:1
FNDA:2,useToast
DA:3,1
DA:11,2
DA:12,2
DA:13,0
LF:4
LH:3
BRDA:12,0,0,2
BRDA:12,0,1,0
BRF:2
BRH:1
end_of_record
TN:
SF:src/i18n/index.ts
FN:8,(anonymous_0)
FN:10,(anonymous_1)
FNF:2
FNH:2
FNDA:12,(anonymous_0)
FNDA:8,(anonymous_1)
DA:6,4
DA:8,12
DA:10,0
LF:3
LH:2
BRF:0
BRH:0
end_of_record
TN:
SF:src/lib/admin-utils.ts
FN:1,calcRSVPSummary
FN:3,(anonymous_1)
FN:4,(anonymous_2)
FN:7,(anonymous_3)
FN:12,(anonymous_4)
FN:18,getDietarySummary
FN:20,(anonymous_6)
FN:24,(anonymous_7)
FN:24,(anonymous_8)
FN:30,(anonymous_9)
FN:31,(anonymous_10)
FNF:11
FNH:11
FNDA:8,calcRSVPSummary
FNDA:13,(anonymous_1)
FNDA:13,(anonymous_2)
FNDA:8,(anonymous_3)
FNDA:13,(anonymous_4)
FNDA:7,getDietarySummary
FNDA:9,(anonymous_6)
FNDA:13,(anonymous_7)
FNDA:13,(anonymous_8)
FNDA:3,(anonymous_9)
FNDA:6,(anonymous_10)
DA:2,8
DA:3,13
DA:4,13
DA:5,6
DA:6,6
DA:7,8
DA:8,6
DA:12,13
DA:19,7
DA:20,9
DA:21,5
DA:22,3
DA:23,3
DA:24,13
DA:25,6
DA:26,10
DA:29,3
DA:30,3
DA:31,6
LF:19
LH:19
BRDA:2,0,0,2
BRDA:2,0,1,6
BRDA:7,1,0,8
BRDA:7,1,1,5
BRDA:12,2,0,8
BRDA:12,2,1,5
BRDA:12,3,0,8
BRDA:12,3,1,5
BRDA:19,4,0,2
BRDA:19,4,1,5
BRDA:20,5,0,9
BRDA:20,5,1,8
BRDA:21,6,0,2
BRDA:21,6,1,3
BRDA:24,7,0,13
BRDA:24,7,1,13
BRDA:26,8,0,10
BRDA:26,8,1,0
BRDA:26,9,0,10
BRDA:26,9,1,6
BRF:20
BRH:19
end_of_record
TN:
SF:src/lib/async-utils.ts
FN:1,withTimeout
FN:4,(anonymous_1)
FN:5,(anonymous_2)
FN:10,retry
FN:20,(anonymous_4)
FNF:5
FNH:5
FNDA:4,withTimeout
FNDA:4,(anonymous_1)
FNDA:2,(anonymous_2)
FNDA:5,retry
FNDA:5,(anonymous_4)
DA:2,4
DA:5,4
DA:15,5
DA:16,10
DA:17,10
DA:19,8
DA:20,5
DA:23,5
LF:8
LH:8
BRDA:5,0,0,2
BRDA:5,0,1,1
BRDA:12,1,0,5
BRDA:13,2,0,5
BRDA:19,3,0,3
BRDA:19,3,1,5
BRF:6
BRH:6
end_of_record
TN:
SF:src/lib/audio-utils.ts
FN:5,encodeWav
FN:10,(anonymous_1)
FN:34,compressAudio
FN:73,estimateAudioSize
FNF:4
FNH:1
FNDA:0,encodeWav
FNDA:0,(anonymous_1)
FNDA:0,compressAudio
FNDA:7,estimateAudioSize
DA:1,2
DA:6,0
DA:7,0
DA:8,0
DA:10,0
DA:11,0
DA:13,0
DA:14,0
DA:15,0
DA:16,0
DA:17,0
DA:18,0
DA:19,0
DA:20,0
DA:21,0
DA:22,0
DA:23,0
DA:24,0
DA:25,0
DA:27,0
DA:28,0
DA:29,0
DA:31,0
DA:35,0
DA:36,0
DA:38,0
DA:39,0
DA:41,0
DA:44,0
DA:45,0
DA:46,0
DA:48,0
DA:54,0
DA:55,0
DA:56,0
DA:57,0
DA:59,0
DA:60,0
DA:61,0
DA:63,0
DA:64,0
DA:65,0
DA:66,0
DA:67,0
DA:69,0
DA:70,0
DA:74,7
DA:75,7
DA:76,7
DA:77,7
LF:50
LH:5
BRDA:29,0,0,0
BRDA:29,0,1,0
BRF:2
BRH:0
end_of_record
TN:
SF:src/lib/audit.ts
FN:4,logAudit
FNF:1
FNH:1
FNDA:4,logAudit
DA:5,4
DA:6,4
LF:2
LH:2
BRDA:4,0,0,4
BRF:1
BRH:1
end_of_record
TN:
SF:src/lib/calendar-utils.ts
FN:1,(anonymous_0)
FN:3,(anonymous_1)
FN:6,(anonymous_2)
FNF:3
FNH:3
FNDA:40,(anonymous_0)
FNDA:10,(anonymous_1)
FNDA:5,(anonymous_2)
DA:1,40
DA:3,2
DA:4,10
DA:6,2
DA:7,5
DA:8,5
DA:16,5
LF:7
LH:7
BRDA:7,0,0,5
BRDA:7,0,1,0
BRF:2
BRH:1
end_of_record
TN:
SF:src/lib/changelog.ts
FNF:0
FNH:0
DA:1,0
LF:1
LH:0
BRF:0
BRH:0
end_of_record
TN:
SF:src/lib/confirm-utils.ts
FN:6,showConfirm
FN:11,confirmAction
FNF:2
FNH:2
FNDA:1,showConfirm
FNDA:1,confirmAction
DA:8,1
DA:12,1
LF:2
LH:2
BRF:0
BRH:0
end_of_record
TN:
SF:src/lib/constants.ts
FN:57,(anonymous_0)
FNF:1
FNH:1
FNDA:336,(anonymous_0)
DA:1,16
DA:3,16
DA:4,16
DA:5,16
DA:6,16
DA:7,16
DA:8,16
DA:10,16
DA:11,16
DA:13,16
DA:28,16
DA:33,16
DA:57,336
DA:59,16
DA:83,16
DA:89,16
DA:91,16
DA:103,16
DA:105,16
DA:106,16
DA:107,16
DA:108,16
DA:109,16
DA:110,16
DA:112,16
LF:25
LH:25
BRF:0
BRH:0
end_of_record
TN:
SF:src/lib/crypto-utils.ts
FN:9,getKey
FN:21,uint8ToBase64
FN:30,encrypt
FN:53,decrypt
FN:56,(anonymous_4)
FN:79,(anonymous_5)
FNF:6
FNH:5
FNDA:2,getKey
FNDA:1,uint8ToBase64
FNDA:2,encrypt
FNDA:1,decrypt
FNDA:58,(anonymous_4)
FNDA:0,(anonymous_5)
DA:1,2
DA:2,2
DA:3,2
DA:4,2
DA:5,2
DA:7,2
DA:10,2
DA:11,2
DA:15,2
DA:22,1
DA:23,1
DA:24,1
DA:25,1
DA:27,1
DA:31,2
DA:32,1
DA:33,1
DA:34,1
DA:35,1
DA:36,1
DA:37,1
DA:38,1
DA:39,1
DA:40,1
DA:41,1
DA:42,1
DA:43,1
DA:44,1
DA:45,1
DA:46,1
DA:47,1
DA:49,0
DA:54,1
DA:55,1
DA:56,58
DA:57,1
DA:58,1
DA:59,1
DA:60,1
DA:61,1
DA:62,1
DA:63,1
DA:64,1
DA:65,1
DA:68,0
DA:69,0
DA:70,0
DA:71,0
DA:75,0
DA:79,0
DA:80,0
DA:81,0
DA:82,0
DA:83,0
DA:84,0
LF:55
LH:43
BRDA:31,0,0,1
BRDA:31,0,1,1
BRDA:31,1,0,2
BRDA:31,1,1,2
BRDA:54,2,0,0
BRDA:54,2,1,1
BRDA:54,3,0,1
BRDA:54,3,1,1
BRDA:54,3,2,1
BRDA:57,4,0,1
BRDA:57,4,1,0
BRF:11
BRH:9
end_of_record
TN:
SF:src/lib/date-utils.ts
FN:8,isDateInPast
FN:17,computeAge
FN:37,validateWeddingDate
FN:46,(anonymous_3)
FN:80,parseWeddingDate
FNF:5
FNH:4
FNDA:2,isDateInPast
FNDA:3,computeAge
FNDA:2,validateWeddingDate
FNDA:7,(anonymous_3)
FNDA:0,parseWeddingDate
DA:9,2
DA:10,2
DA:11,2
DA:12,2
DA:13,2
DA:14,2
DA:18,3
DA:19,3
DA:20,3
DA:21,3
DA:22,3
DA:23,3
DA:24,0
DA:26,3
DA:38,2
DA:39,2
DA:40,0
DA:42,2
DA:43,2
DA:44,0
DA:46,7
DA:47,0
DA:49,2
DA:50,2
DA:51,0
DA:53,2
DA:54,2
DA:55,0
DA:57,2
DA:58,2
DA:59,2
DA:60,2
DA:61,0
DA:63,2
DA:64,2
DA:65,2
DA:66,1
DA:68,1
DA:69,0
DA:72,1
DA:81,0
DA:82,0
DA:83,0
DA:84,0
LF:44
LH:32
BRDA:10,0,0,0
BRDA:10,0,1,2
BRDA:18,1,0,0
BRDA:18,1,1,3
BRDA:23,2,0,0
BRDA:23,2,1,3
BRDA:23,3,0,3
BRDA:23,3,1,3
BRDA:23,3,2,1
BRDA:38,4,0,2
BRDA:38,4,1,0
BRDA:38,5,0,2
BRDA:38,5,1,0
BRDA:39,6,0,0
BRDA:39,6,1,2
BRDA:39,7,0,2
BRDA:39,7,1,2
BRDA:39,7,2,2
BRDA:39,7,3,2
BRDA:39,7,4,2
BRDA:43,8,0,0
BRDA:43,8,1,2
BRDA:43,9,0,2
BRDA:43,9,1,2
BRDA:43,9,2,2
BRDA:46,10,0,0
BRDA:46,10,1,2
BRDA:50,11,0,0
BRDA:50,11,1,2
BRDA:50,12,0,2
BRDA:50,12,1,2
BRDA:50,12,2,2
BRDA:54,13,0,0
BRDA:54,13,1,2
BRDA:54,14,0,2
BRDA:54,14,1,2
BRDA:54,14,2,2
BRDA:60,15,0,0
BRDA:60,15,1,2
BRDA:60,16,0,2
BRDA:60,16,1,2
BRDA:60,16,2,2
BRDA:65,17,0,1
BRDA:65,17,1,1
BRDA:68,18,0,0
BRDA:68,18,1,1
BRDA:68,19,0,1
BRDA:68,19,1,1
BRDA:81,20,0,0
BRDA:81,20,1,0
BRDA:81,21,0,0
BRDA:81,21,1,0
BRDA:81,21,2,0
BRDA:83,22,0,0
BRDA:83,22,1,0
BRDA:88,23,0,0
BRDA:88,23,1,0
BRDA:89,24,0,0
BRDA:89,24,1,0
BRF:59
BRH:36
end_of_record
TN:
SF:src/lib/error-utils.ts
FN:3,getFirestoreErrorMessage
FN:19,logError
FN:38,(anonymous_2)
FNF:3
FNH:2
FNDA:18,getFirestoreErrorMessage
FNDA:3,logError
FNDA:0,(anonymous_2)
DA:1,1
DA:4,18
DA:5,18
DA:16,18
DA:20,3
DA:21,3
DA:23,3
DA:24,3
DA:27,3
DA:28,0
DA:29,0
LF:11
LH:9
BRDA:1,0,0,1
BRDA:1,0,1,1
BRDA:4,1,0,13
BRDA:4,1,1,5
BRDA:4,2,0,18
BRDA:4,2,1,18
BRDA:4,2,2,16
BRDA:6,3,0,13
BRDA:6,3,1,5
BRDA:7,4,0,13
BRDA:7,4,1,5
BRDA:8,5,0,13
BRDA:8,5,1,5
BRDA:9,6,0,13
BRDA:9,6,1,5
BRDA:10,7,0,13
BRDA:10,7,1,5
BRDA:11,8,0,13
BRDA:11,8,1,5
BRDA:12,9,0,13
BRDA:12,9,1,5
BRDA:13,10,0,13
BRDA:13,10,1,5
BRDA:14,11,0,13
BRDA:14,11,1,5
BRDA:16,12,0,18
BRDA:16,12,1,5
BRDA:16,13,0,2
BRDA:16,13,1,3
BRDA:20,14,0,2
BRDA:20,14,1,1
BRDA:21,15,0,2
BRDA:21,15,1,1
BRDA:23,16,0,3
BRDA:23,16,1,0
BRDA:24,17,0,3
BRDA:24,17,1,1
BRDA:27,18,0,0
BRDA:27,18,1,3
BRF:39
BRH:37
end_of_record
TN:
SF:src/lib/file-utils.ts
FN:6,downloadJson
FNF:1
FNH:1
FNDA:1,downloadJson
DA:7,1
DA:8,1
DA:9,1
DA:10,1
DA:11,1
DA:12,1
DA:13,1
DA:14,1
DA:15,1
LF:9
LH:9
BRF:0
BRH:0
end_of_record
TN:
SF:src/lib/firebase.ts
FN:23,invitationDocRef
FN:28,(anonymous_1)
FNF:2
FNH:0
FNDA:0,invitationDocRef
FNDA:0,(anonymous_1)
DA:6,0
DA:15,0
DA:16,0
DA:17,0
DA:18,0
DA:24,0
DA:26,0
DA:27,0
DA:28,0
LF:9
LH:0
BRF:0
BRH:0
end_of_record
TN:
SF:src/lib/geo-utils.ts
FN:1,(anonymous_0)
FN:17,(anonymous_1)
FN:26,(anonymous_2)
FN:36,(anonymous_3)
FN:37,(anonymous_4)
FN:44,(anonymous_5)
FN:52,(anonymous_6)
FN:60,(anonymous_7)
FN:63,(anonymous_8)
FN:66,(anonymous_9)
FN:71,(anonymous_10)
FNF:11
FNH:6
FNDA:0,(anonymous_0)
FNDA:31,(anonymous_1)
FNDA:0,(anonymous_2)
FNDA:0,(anonymous_3)
FNDA:0,(anonymous_4)
FNDA:10,(anonymous_5)
FNDA:0,(anonymous_6)
FNDA:1,(anonymous_7)
FNDA:1,(anonymous_8)
FNDA:2,(anonymous_9)
FNDA:1,(anonymous_10)
DA:1,3
DA:2,0
DA:3,0
DA:7,0
DA:8,0
DA:9,0
DA:10,0
DA:11,0
DA:12,0
DA:13,0
DA:14,0
DA:17,3
DA:18,31
DA:19,24
DA:20,24
DA:21,22
DA:22,22
DA:23,19
DA:26,3
DA:27,0
DA:28,0
DA:32,0
DA:33,0
DA:34,0
DA:35,0
DA:36,0
DA:37,0
DA:44,3
DA:45,10
DA:46,10
DA:47,10
DA:48,7
DA:49,2
DA:52,3
DA:53,0
DA:54,0
DA:55,0
DA:57,0
DA:60,3
DA:61,1
DA:63,3
DA:64,1
DA:66,3
DA:67,2
DA:68,2
DA:71,3
DA:72,1
LF:47
LH:25
BRDA:2,0,0,0
BRDA:2,0,1,0
BRDA:7,1,0,0
BRDA:7,1,1,0
BRDA:9,2,0,0
BRDA:9,2,1,0
BRDA:10,3,0,0
BRDA:10,3,1,0
BRDA:13,4,0,0
BRDA:13,4,1,0
BRDA:13,5,0,0
BRDA:13,5,1,0
BRDA:14,6,0,0
BRDA:14,6,1,0
BRDA:18,7,0,7
BRDA:18,7,1,24
BRDA:20,8,0,2
BRDA:20,8,1,22
BRDA:22,9,0,3
BRDA:22,9,1,19
BRDA:27,10,0,0
BRDA:27,10,1,0
BRDA:27,11,0,0
BRDA:27,11,1,0
BRDA:32,12,0,0
BRDA:32,12,1,0
BRDA:34,13,0,0
BRDA:34,13,1,0
BRDA:36,14,0,0
BRDA:36,14,1,0
BRDA:38,15,0,0
BRDA:38,15,1,0
BRDA:47,16,0,3
BRDA:47,16,1,7
BRDA:47,17,0,10
BRDA:47,17,1,7
BRDA:48,18,0,5
BRDA:48,18,1,2
BRDA:48,19,0,7
BRDA:48,19,1,6
BRDA:48,19,2,4
BRDA:48,19,3,3
BRDA:54,20,0,0
BRDA:54,20,1,0
BRDA:55,21,0,0
BRDA:55,21,1,0
BRDA:67,22,0,2
BRDA:67,22,1,1
BRDA:67,22,2,0
BRF:49
BRH:18
end_of_record
TN:
SF:src/lib/iban-utils.ts
FN:1,isValidIBAN
FN:7,(anonymous_1)
FNF:2
FNH:2
FNDA:6,isValidIBAN
FNDA:94,(anonymous_1)
DA:2,6
DA:3,6
DA:4,4
DA:6,4
DA:7,4
DA:8,94
DA:9,94
DA:12,4
DA:13,4
DA:14,102
DA:17,4
LF:11
LH:11
BRDA:3,0,0,2
BRDA:3,0,1,4
BRDA:3,1,0,6
BRDA:3,1,1,4
BRDA:4,2,0,0
BRDA:4,2,1,4
BRDA:9,3,0,8
BRDA:9,3,1,86
BRF:8
BRH:7
end_of_record
TN:
SF:src/lib/idb-utils.ts
FN:5,openDB
FN:6,(anonymous_1)
FN:8,(anonymous_2)
FN:11,(anonymous_3)
FN:12,(anonymous_4)
FN:16,idbSet
FN:19,(anonymous_6)
FN:22,(anonymous_7)
FN:23,(anonymous_8)
FN:28,idbGet
FN:31,(anonymous_10)
FN:34,(anonymous_11)
FN:35,(anonymous_12)
FN:42,idbDelete
FN:45,(anonymous_14)
FN:48,(anonymous_15)
FN:49,(anonymous_16)
FN:54,idbClear
FN:57,(anonymous_18)
FN:60,(anonymous_19)
FN:61,(anonymous_20)
FNF:21
FNH:16
FNDA:11,openDB
FNDA:11,(anonymous_1)
FNDA:1,(anonymous_2)
FNDA:11,(anonymous_3)
FNDA:0,(anonymous_4)
FNDA:4,idbSet
FNDA:4,(anonymous_6)
FNDA:4,(anonymous_7)
FNDA:0,(anonymous_8)
FNDA:5,idbGet
FNDA:5,(anonymous_10)
FNDA:5,(anonymous_11)
FNDA:0,(anonymous_12)
FNDA:1,idbDelete
FNDA:1,(anonymous_14)
FNDA:1,(anonymous_15)
FNDA:0,(anonymous_16)
FNDA:1,idbClear
FNDA:1,(anonymous_18)
FNDA:1,(anonymous_19)
FNDA:0,(anonymous_20)
DA:1,1
DA:2,1
DA:3,1
DA:6,11
DA:7,11
DA:8,11
DA:9,1
DA:11,11
DA:12,11
DA:17,4
DA:18,4
DA:19,4
DA:20,4
DA:21,4
DA:22,4
DA:23,4
DA:29,5
DA:30,5
DA:31,5
DA:32,5
DA:33,5
DA:34,5
DA:35,5
DA:38,0
DA:43,1
DA:44,1
DA:45,1
DA:46,1
DA:47,1
DA:48,1
DA:49,1
DA:55,1
DA:56,1
DA:57,1
DA:58,1
DA:59,1
DA:60,1
DA:61,1
LF:38
LH:37
BRDA:34,0,0,5
BRDA:34,0,1,4
BRF:2
BRH:2
end_of_record
TN:
SF:src/lib/image-store.ts
FN:7,galCol
FN:11,uploadImage
FN:24,addGalleryImage
FN:38,updateGalleryDescription
FN:43,updateGalleryOrder
FN:52,loadDecryptedField
FN:57,loadGallery
FN:77,(anonymous_7)
FN:82,deleteGallery
FN:86,(anonymous_9)
FN:90,deleteGalleryImage
FNF:11
FNH:9
FNDA:8,galCol
FNDA:2,uploadImage
FNDA:1,addGalleryImage
FNDA:1,updateGalleryDescription
FNDA:2,updateGalleryOrder
FNDA:3,loadDecryptedField
FNDA:2,loadGallery
FNDA:0,(anonymous_7)
FNDA:1,deleteGallery
FNDA:0,(anonymous_9)
FNDA:1,deleteGalleryImage
DA:8,8
DA:12,2
DA:13,2
DA:14,2
DA:15,2
DA:16,2
DA:17,1
DA:18,2
DA:19,2
DA:20,1
DA:21,2
DA:25,1
DA:26,1
DA:34,1
DA:35,1
DA:39,1
DA:40,1
DA:44,2
DA:45,1
DA:46,1
DA:47,2
DA:49,1
DA:53,3
DA:54,2
DA:58,2
DA:59,2
DA:60,1
DA:61,1
DA:62,0
DA:63,0
DA:64,0
DA:65,0
DA:66,0
DA:77,1
DA:78,1
DA:79,1
DA:83,1
DA:84,1
DA:85,0
DA:86,0
DA:87,0
DA:91,1
LF:42
LH:34
BRDA:16,0,0,1
BRDA:16,0,1,1
BRDA:19,1,0,0
BRDA:19,1,1,2
BRDA:29,2,0,1
BRDA:29,2,1,0
BRDA:31,3,0,1
BRDA:31,3,1,1
BRDA:32,4,0,1
BRDA:32,4,1,1
BRDA:39,5,0,1
BRDA:39,5,1,0
BRDA:44,6,0,1
BRDA:44,6,1,1
BRDA:53,7,0,1
BRDA:53,7,1,2
BRDA:63,8,0,0
BRDA:63,8,1,0
BRDA:70,9,0,0
BRDA:70,9,1,0
BRDA:71,10,0,0
BRDA:71,10,1,0
BRDA:72,11,0,0
BRDA:72,11,1,0
BRDA:77,12,0,0
BRDA:77,12,1,0
BRDA:77,13,0,0
BRDA:77,13,1,0
BRDA:84,14,0,1
BRDA:84,14,1,0
BRF:30
BRH:14
end_of_record
TN:
SF:src/lib/image-utils.ts
FN:6,(anonymous_0)
FN:7,(anonymous_1)
FN:10,(anonymous_2)
FN:17,(anonymous_3)
FN:33,(anonymous_4)
FN:49,(anonymous_5)
FNF:6
FNH:0
FNDA:0,(anonymous_0)
FNDA:0,(anonymous_1)
FNDA:0,(anonymous_2)
FNDA:0,(anonymous_3)
FNDA:0,(anonymous_4)
FNDA:0,(anonymous_5)
DA:3,2
DA:4,2
DA:6,2
DA:7,0
DA:8,0
DA:9,0
DA:10,0
DA:11,0
DA:12,0
DA:13,0
DA:16,0
DA:17,0
DA:18,0
DA:19,0
DA:20,0
DA:21,0
DA:22,0
DA:25,0
DA:26,0
DA:27,0
DA:28,0
DA:29,0
DA:30,0
DA:32,0
DA:33,0
DA:34,0
DA:35,0
DA:36,0
DA:38,0
DA:39,0
DA:40,0
DA:41,0
DA:43,0
DA:44,0
DA:47,0
DA:49,0
DA:50,0
LF:37
LH:3
BRDA:8,0,0,0
BRDA:8,0,1,0
BRDA:8,1,0,0
BRDA:8,1,1,0
BRDA:19,2,0,0
BRDA:19,2,1,0
BRDA:19,3,0,0
BRDA:19,3,1,0
BRDA:29,4,0,0
BRDA:29,4,1,0
BRDA:35,5,0,0
BRDA:35,5,1,0
BRDA:39,6,0,0
BRDA:39,6,1,0
BRDA:39,7,0,0
BRDA:39,7,1,0
BRF:16
BRH:0
end_of_record
TN:
SF:src/lib/index.ts
FNF:0
FNH:0
LF:0
LH:0
BRF:0
BRH:0
end_of_record
TN:
SF:src/lib/invite-config-codec.ts
FN:13,(anonymous_0)
FN:16,toBase64Url
FN:20,fromBase64Url
FN:25,encodeInviteConfig
FN:40,decodeInviteConfig
FNF:5
FNH:5
FNDA:40,(anonymous_0)
FNDA:10,toBase64Url
FNDA:6,fromBase64Url
FNDA:10,encodeInviteConfig
FNDA:6,decodeInviteConfig
DA:1,2
DA:12,2
DA:13,40
DA:17,10
DA:21,6
DA:22,6
DA:26,10
DA:27,10
DA:28,10
DA:29,111
DA:30,111
DA:32,10
DA:33,111
DA:34,3
DA:37,10
DA:41,6
DA:42,6
DA:43,6
DA:44,6
DA:45,68
DA:46,68
DA:48,6
LF:22
LH:22
BRDA:21,0,0,4
BRDA:21,0,1,2
BRDA:21,1,0,0
BRDA:21,1,1,2
BRDA:30,2,0,111
BRDA:30,2,1,1
BRDA:33,3,0,3
BRDA:33,3,1,108
BRDA:33,4,0,111
BRDA:33,4,1,110
BRDA:33,4,2,109
BRDA:45,5,0,68
BRDA:45,5,1,1
BRF:13
BRH:12
end_of_record
TN:
SF:src/lib/invite-messages.ts
FN:136,randomMessage
FNF:1
FNH:1
FNDA:59,randomMessage
DA:1,2
DA:28,2
DA:55,2
DA:82,2
DA:109,2
DA:137,59
DA:138,59
DA:139,59
DA:140,59
LF:9
LH:9
BRDA:136,0,0,59
BRDA:138,1,0,59
BRDA:138,1,1,1
BRF:3
BRH:3
end_of_record
TN:
SF:src/lib/map-utils.ts
FN:3,lonToTileX
FN:4,latToTileY
FN:6,(anonymous_2)
FNF:3
FNH:3
FNDA:5,lonToTileX
FNDA:5,latToTileY
FNDA:7,(anonymous_2)
DA:1,2
DA:3,5
DA:4,5
DA:6,2
DA:7,7
DA:8,5
DA:9,5
DA:10,5
DA:11,5
DA:12,5
DA:14,5
DA:15,5
DA:16,5
DA:17,5
DA:19,5
DA:20,5
DA:22,5
DA:23,15
DA:24,45
DA:25,45
DA:26,45
DA:27,36
DA:28,36
DA:29,36
DA:34,5
DA:35,5
DA:36,5
DA:37,5
DA:38,5
DA:39,5
DA:40,5
DA:41,5
DA:42,5
DA:43,5
DA:44,5
DA:45,5
DA:46,5
DA:47,5
DA:49,5
DA:51,2
LF:40
LH:40
BRDA:7,0,0,2
BRDA:7,0,1,5
BRF:2
BRH:2
end_of_record
TN:
SF:src/lib/music-store.ts
FN:7,audioCol
FN:11,uploadAudio
FN:22,addAudio
FN:42,loadAudio
FN:47,(anonymous_4)
FN:55,deleteAudio
FN:59,(anonymous_6)
FNF:7
FNH:5
FNDA:6,audioCol
FNDA:2,uploadAudio
FNDA:1,addAudio
FNDA:2,loadAudio
FNDA:0,(anonymous_4)
FNDA:2,deleteAudio
FNDA:0,(anonymous_6)
DA:5,1
DA:8,6
DA:12,2
DA:13,2
DA:14,2
DA:15,2
DA:16,2
DA:17,2
DA:18,1
DA:19,2
DA:23,1
DA:24,1
DA:25,2
DA:27,1
DA:28,1
DA:29,2
DA:30,2
DA:37,1
DA:38,1
DA:39,1
DA:43,2
DA:44,2
DA:45,2
DA:46,1
DA:47,0
DA:48,0
DA:49,0
DA:50,0
DA:51,0
DA:52,1
DA:56,2
DA:57,2
DA:58,0
DA:59,0
DA:60,0
LF:35
LH:27
BRDA:17,0,0,1
BRDA:17,0,1,1
BRDA:46,1,0,1
BRDA:46,1,1,0
BRDA:50,2,0,0
BRDA:50,2,1,0
BRDA:57,3,0,2
BRDA:57,3,1,0
BRF:8
BRH:4
end_of_record
TN:
SF:src/lib/normalize-config.ts
FN:3,(anonymous_0)
FN:10,(anonymous_1)
FNF:2
FNH:2
FNDA:792,(anonymous_0)
FNDA:24,(anonymous_1)
DA:3,4
DA:4,792
DA:5,623
DA:6,622
DA:7,622
DA:10,24
LF:6
LH:6
BRDA:4,0,0,169
BRDA:4,0,1,623
BRDA:5,1,0,1
BRDA:5,1,1,622
BRDA:6,2,0,0
BRDA:6,2,1,622
BRDA:6,3,0,0
BRDA:6,3,1,0
BRDA:26,4,0,5
BRDA:26,4,1,19
BRDA:26,5,0,24
BRDA:26,5,1,6
BRDA:31,6,0,5
BRDA:31,6,1,19
BRDA:43,7,0,7
BRDA:43,7,1,17
BRF:16
BRH:13
end_of_record
TN:
SF:src/lib/rsvp-utils.ts
FN:15,parseDietaryInfo
FN:27,(anonymous_1)
FN:39,formatDietary
FNF:3
FNH:3
FNDA:12,parseDietaryInfo
FNDA:22,(anonymous_1)
FNDA:5,formatDietary
DA:4,3
DA:16,12
DA:17,12
DA:18,12
DA:19,12
DA:20,12
DA:21,12
DA:22,5
DA:23,5
DA:25,12
DA:26,9
DA:27,22
DA:28,5
DA:30,4
DA:33,9
DA:40,5
DA:41,5
DA:42,5
DA:43,5
DA:44,5
DA:45,5
LF:21
LH:21
BRDA:16,0,0,12
BRDA:16,0,1,4
BRDA:21,1,0,5
BRDA:21,1,1,7
BRDA:21,2,0,12
BRDA:21,2,1,10
BRDA:21,2,2,6
BRDA:27,3,0,5
BRDA:27,3,1,4
BRDA:42,4,0,2
BRDA:42,4,1,3
BRDA:44,5,0,2
BRDA:44,5,1,3
BRDA:45,6,0,5
BRDA:45,6,1,2
BRF:15
BRH:15
end_of_record
TN:
SF:src/lib/rsvp-validation.ts
FN:20,validateRsvpForm
FN:35,(anonymous_1)
FN:47,(anonymous_2)
FNF:3
FNH:3
FNDA:14,validateRsvpForm
FNDA:13,(anonymous_1)
FNDA:4,(anonymous_2)
DA:27,14
DA:29,14
DA:30,3
DA:33,14
DA:34,7
DA:35,13
DA:37,7
DA:38,1
DA:41,7
DA:42,1
DA:45,7
DA:46,3
DA:47,4
DA:48,3
DA:49,2
DA:51,3
DA:52,1
DA:57,14
DA:60,14
DA:61,2
DA:64,14
DA:65,2
DA:68,14
LF:23
LH:23
BRDA:29,0,0,3
BRDA:29,0,1,11
BRDA:33,1,0,7
BRDA:33,1,1,7
BRDA:34,2,0,7
BRDA:34,2,1,0
BRDA:37,3,0,1
BRDA:37,3,1,6
BRDA:37,4,0,7
BRDA:37,4,1,7
BRDA:41,5,0,1
BRDA:41,5,1,6
BRDA:45,6,0,3
BRDA:45,6,1,4
BRDA:46,7,0,3
BRDA:46,7,1,1
BRDA:47,8,0,4
BRDA:47,8,1,3
BRDA:48,9,0,2
BRDA:48,9,1,1
BRDA:51,10,0,1
BRDA:51,10,1,2
BRDA:57,11,0,0
BRDA:57,11,1,14
BRDA:57,12,0,14
BRDA:57,12,1,7
BRDA:57,12,2,0
BRDA:57,12,3,0
BRDA:60,13,0,2
BRDA:60,13,1,12
BRDA:64,14,0,2
BRDA:64,14,1,12
BRF:32
BRH:28
end_of_record
TN:
SF:src/lib/section-utils.ts
FN:3,parseSectionOrder
FN:6,(anonymous_1)
FN:14,parseHidden
FN:15,(anonymous_3)
FNF:4
FNH:4
FNDA:11,parseSectionOrder
FNDA:73,(anonymous_1)
FNDA:13,parseHidden
FNDA:18,(anonymous_3)
DA:4,11
DA:5,11
DA:6,73
DA:7,11
DA:8,11
DA:9,88
DA:11,11
DA:15,18
LF:8
LH:8
BRDA:4,0,0,11
BRDA:4,0,1,6
BRDA:9,1,0,16
BRDA:9,1,1,72
BRDA:15,2,0,13
BRDA:15,2,1,9
BRF:6
BRH:6
end_of_record
TN:
SF:src/lib/session-activator.ts
FN:6,activateSessionWithToken
FN:22,(anonymous_1)
FNF:2
FNH:2
FNDA:7,activateSessionWithToken
FNDA:4,(anonymous_1)
DA:11,7
DA:12,7
DA:14,6
DA:15,2
DA:18,5
DA:19,1
DA:22,4
DA:23,4
DA:24,4
DA:25,1
DA:27,3
DA:28,2
LF:12
LH:12
BRDA:14,0,0,2
BRDA:14,0,1,4
BRDA:14,1,0,6
BRDA:14,1,1,5
BRDA:14,1,2,2
BRDA:15,2,0,1
BRDA:15,2,1,1
BRDA:18,3,0,1
BRDA:18,3,1,4
BRDA:18,4,0,5
BRDA:18,4,1,4
BRDA:24,5,0,1
BRDA:24,5,1,3
BRDA:27,6,0,1
BRDA:27,6,1,2
BRF:15
BRH:15
end_of_record
TN:
SF:src/lib/session-utils.ts
FN:10,createAdminSession
FN:14,createSetupSession
FN:18,getActiveSession
FN:22,renewActiveSession
FNF:4
FNH:2
FNDA:1,createAdminSession
FNDA:0,createSetupSession
FNDA:1,getActiveSession
FNDA:0,renewActiveSession
DA:11,1
DA:15,0
DA:19,1
DA:23,0
LF:4
LH:2
BRF:0
BRH:0
end_of_record
TN:
SF:src/lib/sessionVars.ts
FN:10,firestoreSessionExpiry
FN:14,saveSession
FN:27,getSession
FN:43,renewSession
FN:53,clearSession
FNF:5
FNH:4
FNDA:0,firestoreSessionExpiry
FNDA:5,saveSession
FNDA:9,getSession
FNDA:1,renewSession
FNDA:3,clearSession
DA:3,1
DA:4,1
DA:7,1
DA:11,0
DA:15,5
DA:16,5
DA:23,5
DA:28,9
DA:29,9
DA:30,9
DA:31,6
DA:32,6
DA:33,4
DA:35,1
DA:36,1
DA:38,1
DA:39,1
DA:44,1
DA:45,1
DA:46,1
DA:47,1
DA:48,1
DA:49,1
DA:54,3
DA:55,3
LF:25
LH:24
BRDA:14,0,0,5
BRDA:30,1,0,3
BRDA:30,1,1,6
BRDA:32,2,0,4
BRDA:32,2,1,2
BRDA:32,3,0,6
BRDA:32,3,1,5
BRDA:46,4,0,0
BRDA:46,4,1,1
BRF:9
BRH:8
end_of_record
TN:
SF:src/lib/storage-utils.ts
FN:3,getStorageUsage
FN:24,clearExpiredCache
FN:45,(anonymous_2)
FNF:3
FNH:3
FNDA:1,getStorageUsage
FNDA:2,clearExpiredCache
FNDA:1,(anonymous_2)
DA:1,1
DA:4,1
DA:5,1
DA:7,1
DA:8,1
DA:9,0
DA:10,0
DA:11,0
DA:12,0
DA:17,1
DA:25,2
DA:27,2
DA:28,2
DA:29,2
DA:30,2
DA:31,2
DA:32,2
DA:33,2
DA:34,2
DA:35,2
DA:36,2
DA:37,1
DA:40,0
DA:45,2
DA:46,2
DA:49,2
LF:26
LH:21
BRDA:10,0,0,0
BRDA:10,0,1,0
BRDA:12,1,0,0
BRDA:12,1,1,0
BRDA:31,2,0,2
BRDA:31,2,1,0
BRDA:33,3,0,2
BRDA:33,3,1,0
BRDA:36,4,0,1
BRDA:36,4,1,1
BRDA:36,5,0,2
BRDA:36,5,1,2
BRF:12
BRH:6
end_of_record
TN:
SF:src/lib/storage.ts
FN:3,hasStorageConsent
FN:11,safeSetItem
FN:21,safeGetItem
FN:30,safeRemoveItem
FN:36,clearAllStorage
FN:38,(anonymous_5)
FN:38,(anonymous_6)
FN:39,(anonymous_7)
FN:39,(anonymous_8)
FNF:9
FNH:9
FNDA:11,hasStorageConsent
FNDA:10,safeSetItem
FNDA:18,safeGetItem
FNDA:7,safeRemoveItem
FNDA:3,clearAllStorage
FNDA:18,(anonymous_5)
FNDA:2,(anonymous_6)
FNDA:18,(anonymous_7)
FNDA:2,(anonymous_8)
DA:1,2
DA:4,11
DA:5,11
DA:7,1
DA:12,10
DA:13,9
DA:14,9
DA:15,9
DA:17,2
DA:22,18
DA:23,16
DA:24,16
DA:26,0
DA:31,7
DA:32,7
DA:37,3
DA:38,18
DA:39,18
LF:18
LH:17
BRDA:11,0,0,10
BRDA:12,1,0,1
BRDA:12,1,1,9
BRDA:12,2,0,10
BRDA:12,2,1,3
BRDA:21,3,0,18
BRDA:22,4,0,2
BRDA:22,4,1,16
BRDA:22,5,0,18
BRDA:22,5,1,5
BRDA:30,6,0,7
BRF:11
BRH:11
end_of_record
TN:
SF:src/lib/superadmin-utils.ts
FN:4,formatBytes
FN:10,calcGlobalStats
FN:11,(anonymous_2)
FN:12,(anonymous_3)
FN:13,(anonymous_4)
FN:15,(anonymous_5)
FN:19,(anonymous_6)
FN:20,(anonymous_7)
FN:21,(anonymous_8)
FN:39,searchInvitations
FN:42,(anonymous_10)
FN:50,tokenUsageOverTime
FN:58,(anonymous_12)
FN:58,(anonymous_13)
FN:61,rsvpOverTime
FN:72,(anonymous_15)
[...]
BRDA:91,11,1,0
BRDA:102,12,0,0
BRDA:102,12,1,0
BRDA:138,13,0,0
BRDA:138,13,1,0
BRDA:138,14,0,0
BRDA:138,14,1,0
BRDA:141,15,0,0
BRDA:141,15,1,0
BRDA:145,16,0,0
BRDA:145,16,1,0
BRF:35
BRH:0
end_of_record
TN:
SF:src/pages/admin/ShareTab.tsx
FN:10,(anonymous_0)
FN:11,(anonymous_1)
FN:12,(anonymous_2)
FN:13,(anonymous_3)
FN:16,ShareTab
FN:21,(anonymous_5)
FN:28,(anonymous_6)
FN:32,(anonymous_7)
FN:36,(anonymous_8)
FN:45,(anonymous_9)
FN:77,(anonymous_10)
FN:84,(anonymous_11)
FN:91,(anonymous_12)
FN:92,(anonymous_13)
FNF:14
FNH:0
FNDA:0,(anonymous_0)
FNDA:0,(anonymous_1)
FNDA:0,(anonymous_2)
FNDA:0,(anonymous_3)
FNDA:0,ShareTab
FNDA:0,(anonymous_5)
FNDA:0,(anonymous_6)
FNDA:0,(anonymous_7)
FNDA:0,(anonymous_8)
FNDA:0,(anonymous_9)
FNDA:0,(anonymous_10)
FNDA:0,(anonymous_11)
FNDA:0,(anonymous_12)
FNDA:0,(anonymous_13)
DA:10,0
DA:11,0
DA:12,0
DA:13,0
DA:16,0
DA:17,0
DA:18,0
DA:19,0
DA:21,0
DA:22,0
DA:26,0
DA:28,0
DA:29,0
DA:32,0
DA:33,0
DA:36,0
DA:37,0
DA:38,0
DA:39,0
DA:41,0
DA:45,0
DA:46,0
DA:49,0
DA:50,0
DA:52,0
DA:77,0
DA:84,0
DA:92,0
LF:28
LH:0
BRDA:39,0,0,0
BRDA:39,0,1,0
BRDA:41,1,0,0
BRDA:41,1,1,0
BRDA:84,2,0,0
BRDA:84,2,1,0
BRF:6
BRH:0
end_of_record
TN:
SF:src/pages/admin/StatsCard.tsx
FN:3,StatsCard
FNF:1
FNH:0
FNDA:0,StatsCard
DA:3,0
DA:4,0
LF:2
LH:0
BRF:0
BRH:0
end_of_record
TN:
SF:src/pages/admin/SupportTab.tsx
FN:6,SupportTab
FN:10,(anonymous_1)
FN:16,(anonymous_2)
FN:56,(anonymous_3)
FN:59,(anonymous_4)
FNF:5
FNH:0
FNDA:0,SupportTab
FNDA:0,(anonymous_1)
FNDA:0,(anonymous_2)
FNDA:0,(anonymous_3)
FNDA:0,(anonymous_4)
DA:6,0
DA:7,0
DA:8,0
DA:10,0
DA:11,0
DA:12,0
DA:13,0
DA:16,0
DA:17,0
DA:18,0
DA:19,0
DA:22,0
DA:56,0
DA:59,0
LF:14
LH:0
BRDA:59,0,0,0
BRDA:59,0,1,0
BRF:2
BRH:0
end_of_record
TN:
SF:src/pages/sections/AccommodationSection.tsx
FN:4,AccommodationSection
FNF:1
FNH:0
FNDA:0,AccommodationSection
DA:4,0
DA:5,0
DA:6,0
LF:3
LH:0
BRDA:15,0,0,0
BRDA:15,0,1,0
BRF:2
BRH:0
end_of_record
TN:
SF:src/pages/sections/DetailsSection.tsx
FN:6,DetailsSection
FN:25,(anonymous_1)
FNF:2
FNH:0
FNDA:0,DetailsSection
FNDA:0,(anonymous_1)
DA:6,0
DA:24,0
DA:25,0
DA:26,0
DA:27,0
DA:32,0
DA:33,0
DA:38,0
DA:40,0
LF:9
LH:0
BRDA:26,0,0,0
BRDA:26,0,1,0
BRDA:32,1,0,0
BRDA:32,1,1,0
BRDA:48,2,0,0
BRDA:48,2,1,0
BRDA:49,3,0,0
BRDA:49,3,1,0
BRDA:50,4,0,0
BRDA:50,4,1,0
BRDA:57,5,0,0
BRDA:57,5,1,0
BRDA:61,6,0,0
BRDA:61,6,1,0
BRDA:64,7,0,0
BRDA:64,7,1,0
BRDA:70,8,0,0
BRDA:70,8,1,0
BRDA:83,9,0,0
BRDA:83,9,1,0
BRDA:84,10,0,0
BRDA:84,10,1,0
BRDA:84,11,0,0
BRDA:84,11,1,0
BRDA:86,12,0,0
BRDA:86,12,1,0
BRF:26
BRH:0
end_of_record
TN:
SF:src/pages/sections/GallerySection.tsx
FN:21,GallerySection
FN:36,(anonymous_1)
FN:39,(anonymous_2)
FN:44,(anonymous_3)
FN:76,(anonymous_4)
FN:77,(anonymous_5)
FN:84,(anonymous_6)
FN:86,(anonymous_7)
FN:88,(anonymous_8)
FN:89,(anonymous_9)
FN:100,(anonymous_10)
FN:108,(anonymous_11)
FN:112,(anonymous_12)
FN:118,(anonymous_13)
FN:119,(anonymous_14)
FN:123,(anonymous_15)
FN:128,(anonymous_16)
FN:132,(anonymous_17)
FN:133,(anonymous_18)
FN:136,(anonymous_19)
FN:137,(anonymous_20)
FN:140,(anonymous_21)
FN:142,(anonymous_22)
FN:148,(anonymous_23)
FN:153,(anonymous_24)
FN:158,(anonymous_25)
FN:159,(anonymous_26)
FN:165,(anonymous_27)
FN:170,(anonymous_28)
FN:171,(anonymous_29)
FN:177,(anonymous_30)
FN:183,(anonymous_31)
FN:191,(anonymous_32)
FN:195,(anonymous_33)
FN:200,(anonymous_34)
FN:202,(anonymous_35)
FN:205,(anonymous_36)
FN:210,(anonymous_37)
FN:291,(anonymous_38)
FN:291,(anonymous_39)
FN:292,(anonymous_40)
FN:292,(anonymous_41)
FN:322,(anonymous_42)
FN:375,(anonymous_43)
FN:381,(anonymous_44)
FN:392,(anonymous_45)
FNF:46
FNH:0
FNDA:0,GallerySection
FNDA:0,(anonymous_1)
FNDA:0,(anonymous_2)
FNDA:0,(anonymous_3)
FNDA:0,(anonymous_4)
FNDA:0,(anonymous_5)
FNDA:0,(anonymous_6)
FNDA:0,(anonymous_7)
FNDA:0,(anonymous_8)
FNDA:0,(anonymous_9)
FNDA:0,(anonymous_10)
FNDA:0,(anonymous_11)
FNDA:0,(anonymous_12)
FNDA:0,(anonymous_13)
FNDA:0,(anonymous_14)
FNDA:0,(anonymous_15)
FNDA:0,(anonymous_16)
FNDA:0,(anonymous_17)
FNDA:0,(anonymous_18)
FNDA:0,(anonymous_19)
FNDA:0,(anonymous_20)
FNDA:0,(anonymous_21)
FNDA:0,(anonymous_22)
FNDA:0,(anonymous_23)
FNDA:0,(anonymous_24)
FNDA:0,(anonymous_25)
FNDA:0,(anonymous_26)
FNDA:0,(anonymous_27)
FNDA:0,(anonymous_28)
FNDA:0,(anonymous_29)
FNDA:0,(anonymous_30)
FNDA:0,(anonymous_31)
FNDA:0,(anonymous_32)
FNDA:0,(anonymous_33)
FNDA:0,(anonymous_34)
FNDA:0,(anonymous_35)
FNDA:0,(anonymous_36)
FNDA:0,(anonymous_37)
FNDA:0,(anonymous_38)
FNDA:0,(anonymous_39)
FNDA:0,(anonymous_40)
FNDA:0,(anonymous_41)
FNDA:0,(anonymous_42)
FNDA:0,(anonymous_43)
FNDA:0,(anonymous_44)
FNDA:0,(anonymous_45)
DA:21,0
DA:22,0
DA:24,0
DA:27,0
DA:29,0
DA:32,0
DA:36,0
DA:37,0
DA:38,0
DA:39,0
DA:40,0
DA:41,0
DA:42,0
DA:44,0
DA:50,0
DA:52,0
DA:54,0
DA:56,0
DA:58,0
DA:60,0
DA:63,0
DA:64,0
DA:65,0
DA:68,0
DA:70,0
DA:72,0
DA:76,0
DA:77,0
DA:78,0
DA:84,0
DA:85,0
DA:86,0
DA:87,0
DA:88,0
DA:89,0
DA:90,0
DA:91,0
DA:93,0
DA:95,0
DA:96,0
DA:100,0
DA:101,0
DA:102,0
DA:103,0
DA:105,0
DA:108,0
DA:109,0
DA:110,0
DA:112,0
DA:113,0
DA:118,0
DA:119,0
DA:123,0
DA:124,0
DA:125,0
DA:128,0
DA:129,0
DA:132,0
DA:133,0
DA:136,0
DA:137,0
DA:140,0
DA:141,0
DA:142,0
DA:143,0
DA:144,0
DA:145,0
DA:147,0
DA:148,0
DA:153,0
DA:154,0
DA:155,0
DA:156,0
DA:157,0
DA:158,0
DA:159,0
DA:160,0
DA:161,0
DA:165,0
DA:166,0
DA:167,0
DA:168,0
DA:169,0
DA:170,0
DA:171,0
DA:172,0
DA:173,0
DA:177,0
DA:178,0
DA:179,0
DA:180,0
DA:181,0
DA:182,0
DA:183,0
DA:184,0
DA:185,0
DA:191,0
DA:192,0
DA:195,0
DA:196,0
DA:197,0
DA:200,0
DA:201,0
DA:202,0
DA:205,0
DA:206,0
DA:207,0
DA:210,0
DA:211,0
DA:212,0
DA:219,0
DA:220,0
DA:233,0
DA:234,0
DA:249,0
DA:291,0
DA:292,0
DA:323,0
DA:324,0
DA:375,0
DA:381,0
DA:392,0
LF:122
LH:0
BRDA:37,0,0,0
BRDA:37,0,1,0
BRDA:42,1,0,0
BRDA:42,1,1,0
BRDA:70,2,0,0
BRDA:70,2,1,0
BRDA:72,3,0,0
BRDA:72,3,1,0
BRDA:78,4,0,0
BRDA:78,4,1,0
BRDA:85,5,0,0
BRDA:85,5,1,0
BRDA:95,6,0,0
BRDA:95,6,1,0
BRDA:101,7,0,0
BRDA:101,7,1,0
BRDA:101,8,0,0
BRDA:101,8,1,0
BRDA:101,8,2,0
BRDA:101,8,3,0
BRDA:109,9,0,0
BRDA:109,9,1,0
BRDA:113,10,0,0
BRDA:113,10,1,0
BRDA:118,11,0,0
BRDA:118,11,1,0
BRDA:119,12,0,0
BRDA:119,12,1,0
BRDA:133,13,0,0
BRDA:133,13,1,0
BRDA:137,14,0,0
BRDA:137,14,1,0
BRDA:141,15,0,0
BRDA:141,15,1,0
BRDA:143,16,0,0
BRDA:143,16,1,0
BRDA:144,17,0,0
BRDA:144,17,1,0
BRDA:145,18,0,0
BRDA:145,18,1,0
BRDA:154,19,0,0
BRDA:154,19,1,0
BRDA:154,20,0,0
BRDA:154,20,1,0
BRDA:166,21,0,0
BRDA:166,21,1,0
BRDA:166,22,0,0
BRDA:166,22,1,0
BRDA:178,23,0,0
BRDA:178,23,1,0
BRDA:178,24,0,0
BRDA:178,24,1,0
BRDA:178,24,2,0
BRDA:197,25,0,0
BRDA:197,25,1,0
BRDA:202,26,0,0
BRDA:202,26,1,0
BRDA:206,27,0,0
BRDA:206,27,1,0
BRDA:207,28,0,0
BRDA:207,28,1,0
BRDA:211,29,0,0
BRDA:211,29,1,0
BRDA:212,30,0,0
BRDA:212,30,1,0
BRDA:219,31,0,0
BRDA:219,31,1,0
BRDA:233,32,0,0
BRDA:233,32,1,0
BRDA:264,33,0,0
BRDA:264,33,1,0
BRDA:278,34,0,0
BRDA:278,34,1,0
BRDA:278,34,2,0
BRDA:280,35,0,0
BRDA:280,35,1,0
BRDA:289,36,0,0
BRDA:289,36,1,0
BRDA:290,37,0,0
BRDA:290,37,1,0
BRDA:294,38,0,0
BRDA:294,38,1,0
BRDA:294,39,0,0
BRDA:294,39,1,0
BRDA:300,40,0,0
BRDA:300,40,1,0
BRDA:307,41,0,0
BRDA:307,41,1,0
BRDA:323,42,0,0
BRDA:323,42,1,0
BRDA:333,43,0,0
BRDA:333,43,1,0
BRDA:334,44,0,0
BRDA:334,44,1,0
BRDA:337,45,0,0
BRDA:337,45,1,0
BRDA:340,46,0,0
BRDA:340,46,1,0
BRDA:346,47,0,0
BRDA:346,47,1,0
BRDA:326,48,0,0
BRDA:326,48,1,0
BRDA:355,49,0,0
BRDA:355,49,1,0
BRDA:355,49,2,0
BRDA:370,50,0,0
BRDA:370,50,1,0
BRDA:389,51,0,0
BRDA:389,51,1,0
BRDA:390,52,0,0
BRDA:390,52,1,0
BRDA:395,53,0,0
BRDA:395,53,1,0
BRF:113
BRH:0
end_of_record
TN:
SF:src/pages/sections/GiftsSection.tsx
FN:4,GiftsSection
FNF:1
FNH:0
FNDA:0,GiftsSection
DA:4,0
DA:5,0
DA:6,0
LF:3
LH:0
BRDA:15,0,0,0
BRDA:15,0,1,0
BRDA:22,1,0,0
BRDA:22,1,1,0
BRF:4
BRH:0
end_of_record
TN:
SF:src/pages/sections/HeroSection.tsx
FN:18,HeroSection
FN:19,(anonymous_1)
FN:25,(anonymous_2)
FN:46,(anonymous_3)
FN:46,(anonymous_4)
FN:88,(anonymous_5)
FNF:6
FNH:0
FNDA:0,HeroSection
FNDA:0,(anonymous_1)
FNDA:0,(anonymous_2)
FNDA:0,(anonymous_3)
FNDA:0,(anonymous_4)
FNDA:0,(anonymous_5)
DA:18,0
DA:19,0
DA:20,0
DA:21,0
DA:22,0
DA:23,0
DA:24,0
DA:25,0
DA:27,0
DA:28,0
DA:30,0
DA:46,0
DA:89,0
DA:90,0
DA:92,0
DA:93,0
DA:94,0
DA:96,0
DA:97,0
DA:98,0
DA:100,0
DA:101,0
DA:103,0
DA:104,0
DA:106,0
LF:25
LH:0
BRDA:39,0,0,0
BRDA:39,0,1,0
BRDA:42,1,0,0
BRDA:42,1,1,0
BRDA:59,2,0,0
BRDA:59,2,1,0
BRDA:59,3,0,0
BRDA:59,3,1,0
BRDA:69,4,0,0
BRDA:69,4,1,0
BRDA:69,5,0,0
BRDA:69,5,1,0
BRDA:76,6,0,0
BRDA:76,6,1,0
BRDA:76,7,0,0
BRDA:76,7,1,0
BRDA:81,8,0,0
BRDA:81,8,1,0
BRDA:84,9,0,0
BRDA:84,9,1,0
BRDA:86,10,0,0
BRDA:86,10,1,0
BRDA:89,11,0,0
BRDA:89,11,1,0
BRDA:92,12,0,0
BRDA:92,12,1,0
BRDA:96,13,0,0
BRDA:96,13,1,0
BRDA:100,14,0,0
BRDA:100,14,1,0
BRDA:103,15,0,0
BRDA:103,15,1,0
BRF:32
BRH:0
end_of_record
TN:
SF:src/pages/sections/InfoSection.tsx
FN:6,InfoSection
FN:21,(anonymous_1)
FNF:2
FNH:0
FNDA:0,InfoSection
FNDA:0,(anonymous_1)
DA:4,0
DA:6,0
DA:7,0
DA:8,0
DA:9,0
DA:22,0
DA:23,0
LF:7
LH:0
BRDA:8,0,0,0
BRDA:8,0,1,0
BRDA:8,1,0,0
BRDA:8,1,1,0
BRDA:19,2,0,0
BRDA:19,2,1,0
BRDA:19,3,0,0
BRDA:19,3,1,0
BRDA:21,4,0,0
BRDA:21,4,1,0
BRDA:25,5,0,0
BRDA:25,5,1,0
BRDA:47,6,0,0
BRDA:47,6,1,0
BRDA:55,7,0,0
BRDA:55,7,1,0
BRF:16
BRH:0
end_of_record
TN:
SF:src/pages/sections/RsvpSection.tsx
FN:37,RsvpSection
FN:52,(anonymous_1)
FN:54,(anonymous_2)
FN:65,(anonymous_3)
FN:69,(anonymous_4)
FN:73,(anonymous_5)
FN:77,(anonymous_6)
FN:81,(anonymous_7)
FN:85,(anonymous_8)
FN:89,(anonymous_9)
FN:93,(anonymous_10)
FN:98,(anonymous_11)
FN:100,(anonymous_12)
FN:104,(anonymous_13)
FN:106,(anonymous_14)
FN:146,(anonymous_15)
FN:155,(anonymous_16)
FNF:17
FNH:0
FNDA:0,RsvpSection
FNDA:0,(anonymous_1)
FNDA:0,(anonymous_2)
FNDA:0,(anonymous_3)
FNDA:0,(anonymous_4)
FNDA:0,(anonymous_5)
FNDA:0,(anonymous_6)
FNDA:0,(anonymous_7)
FNDA:0,(anonymous_8)
FNDA:0,(anonymous_9)
FNDA:0,(anonymous_10)
FNDA:0,(anonymous_11)
FNDA:0,(anonymous_12)
FNDA:0,(anonymous_13)
FNDA:0,(anonymous_14)
FNDA:0,(anonymous_15)
FNDA:0,(anonymous_16)
DA:37,0
DA:42,0
DA:43,0
DA:45,0
DA:46,0
DA:47,0
DA:49,0
DA:50,0
DA:52,0
DA:53,0
DA:54,0
DA:55,0
DA:57,0
DA:59,0
DA:65,0
DA:66,0
DA:69,0
DA:70,0
DA:73,0
DA:74,0
DA:77,0
DA:78,0
DA:81,0
DA:82,0
DA:85,0
DA:86,0
DA:89,0
DA:90,0
DA:93,0
DA:94,0
DA:95,0
DA:98,0
DA:99,0
DA:100,0
DA:101,0
DA:104,0
DA:105,0
DA:106,0
DA:107,0
DA:110,0
DA:147,0
DA:155,0
LF:42
LH:0
BRDA:46,0,0,0
BRDA:46,0,1,0
BRDA:46,0,2,0
BRDA:47,1,0,0
BRDA:47,1,1,0
BRDA:53,2,0,0
BRDA:53,2,1,0
BRDA:55,3,0,0
BRDA:55,3,1,0
BRDA:57,4,0,0
BRDA:57,4,1,0
BRDA:57,4,2,0
BRDA:57,4,3,0
BRDA:60,5,0,0
BRDA:60,5,1,0
BRDA:61,6,0,0
BRDA:61,6,1,0
BRDA:62,7,0,0
BRDA:62,7,1,0
BRDA:106,8,0,0
BRDA:106,8,1,0
BRDA:117,9,0,0
BRDA:117,9,1,0
BRDA:143,10,0,0
BRDA:143,10,1,0
BRDA:160,11,0,0
BRDA:160,11,1,0
BRDA:165,12,0,0
BRDA:165,12,1,0
BRDA:165,13,0,0
BRDA:165,13,1,0
BRDA:174,14,0,0
BRDA:174,14,1,0
BRDA:174,15,0,0
BRDA:174,15,1,0
BRDA:178,16,0,0
BRDA:178,16,1,0
BRDA:178,17,0,0
BRDA:178,17,1,0
BRDA:178,17,2,0
BRDA:178,17,3,0
BRDA:185,18,0,0
BRDA:185,18,1,0
BRDA:185,19,0,0
BRDA:185,19,1,0
BRDA:192,20,0,0
BRDA:192,20,1,0
BRDA:196,21,0,0
BRDA:196,21,1,0
BRDA:197,22,0,0
BRDA:197,22,1,0
BRDA:203,23,0,0
BRDA:203,23,1,0
BRDA:208,24,0,0
BRDA:208,24,1,0
BRDA:209,25,0,0
BRDA:209,25,1,0
BRDA:215,26,0,0
BRDA:215,26,1,0
BRDA:224,27,0,0
BRDA:224,27,1,0
BRDA:224,28,0,0
BRDA:224,28,1,0
BRDA:230,29,0,0
BRDA:230,29,1,0
BRF:65
BRH:0
end_of_record
TN:
SF:src/pages/sections/StorySection.tsx
FN:4,StorySection
FNF:1
FNH:0
FNDA:0,StorySection
DA:4,0
DA:5,0
DA:6,0
LF:3
LH:0
BRDA:15,0,0,0
BRDA:15,0,1,0
BRF:2
BRH:0
end_of_record
TN:
SF:src/pages/superadmin/ComplianceTab.tsx
FN:4,ComplianceTab
FN:26,(anonymous_1)
FNF:2
FNH:0
FNDA:0,ComplianceTab
FNDA:0,(anonymous_1)
DA:4,0
DA:5,0
DA:6,0
DA:27,0
LF:4
LH:0
BRF:0
BRH:0
end_of_record
TN:
SF:src/pages/superadmin/DashboardTab.tsx
FN:34,DashboardTab
FN:43,(anonymous_1)
FN:49,(anonymous_2)
FN:50,(anonymous_3)
FN:58,(anonymous_4)
FN:62,(anonymous_5)
FN:70,(anonymous_6)
FN:79,(anonymous_7)
FN:85,(anonymous_8)
FNF:9
FNH:0
FNDA:0,DashboardTab
FNDA:0,(anonymous_1)
FNDA:0,(anonymous_2)
FNDA:0,(anonymous_3)
FNDA:0,(anonymous_4)
FNDA:0,(anonymous_5)
FNDA:0,(anonymous_6)
FNDA:0,(anonymous_7)
FNDA:0,(anonymous_8)
DA:34,0
DA:35,0
DA:36,0
DA:37,0
DA:38,0
DA:40,0
DA:41,0
DA:43,0
DA:44,0
DA:45,0
DA:49,0
DA:50,0
DA:51,0
DA:52,0
DA:54,0
DA:55,0
DA:58,0
DA:60,0
DA:62,0
DA:63,0
DA:64,0
DA:65,0
DA:66,0
DA:67,0
DA:70,0
DA:71,0
DA:72,0
DA:73,0
DA:74,0
DA:75,0
DA:76,0
DA:77,0
DA:78,0
DA:79,0
DA:80,0
DA:81,0
DA:82,0
DA:83,0
DA:84,0
DA:85,0
DA:87,0
DA:90,0
DA:91,0
DA:92,0
DA:95,0
DA:96,0
DA:97,0
DA:106,0
DA:108,0
LF:49
LH:0
BRDA:63,0,0,0
BRDA:63,0,1,0
BRDA:63,1,0,0
BRDA:63,1,1,0
BRDA:64,2,0,0
BRDA:64,2,1,0
BRDA:65,3,0,0
BRDA:65,3,1,0
BRDA:67,4,0,0
BRDA:67,4,1,0
BRDA:71,5,0,0
BRDA:71,5,1,0
BRDA:95,6,0,0
BRDA:95,6,1,0
BRDA:96,7,0,0
BRDA:96,7,1,0
BRDA:106,8,0,0
BRDA:106,8,1,0
BRDA:110,9,0,0
BRDA:110,9,1,0
BRDA:118,10,0,0
BRDA:118,10,1,0
BRDA:150,11,0,0
BRDA:150,11,1,0
BRF:24
BRH:0
end_of_record
TN:
SF:src/pages/superadmin/DataTab.tsx
FN:26,DataTab
FN:46,(anonymous_1)
FN:48,(anonymous_2)
FN:63,(anonymous_3)
FN:79,(anonymous_4)
FN:86,(anonymous_5)
FN:90,(anonymous_6)
FN:91,(anonymous_7)
FN:91,(anonymous_8)
FN:97,(anonymous_9)
FN:98,(anonymous_10)
FN:105,(anonymous_11)
FN:106,(anonymous_12)
FN:109,(anonymous_13)
FN:120,(anonymous_14)
FN:129,(anonymous_15)
FN:134,(anonymous_16)
FN:146,(anonymous_17)
FN:158,(anonymous_18)
FN:171,(anonymous_19)
FN:180,(anonymous_20)
FN:181,(anonymous_21)
FN:199,(anonymous_22)
FN:207,(anonymous_23)
FN:207,(anonymous_24)
FN:208,(anonymous_25)
FN:219,(anonymous_26)
FN:232,(anonymous_27)
FN:232,(anonymous_28)
FN:244,(anonymous_29)
FN:323,(anonymous_30)
FN:339,(anonymous_31)
FN:362,(anonymous_32)
FN:376,(anonymous_33)
FN:382,(anonymous_34)
FN:388,(anonymous_35)
FN:401,(anonymous_36)
FN:404,(anonymous_37)
FN:435,cascadeDelete
FNF:39
FNH:0
FNDA:0,DataTab
FNDA:0,(anonymous_1)
FNDA:0,(anonymous_2)
FNDA:0,(anonymous_3)
FNDA:0,(anonymous_4)
FNDA:0,(anonymous_5)
FNDA:0,(anonymous_6)
FNDA:0,(anonymous_7)
FNDA:0,(anonymous_8)
FNDA:0,(anonymous_9)
FNDA:0,(anonymous_10)
FNDA:0,(anonymous_11)
FNDA:0,(anonymous_12)
FNDA:0,(anonymous_13)
FNDA:0,(anonymous_14)
FNDA:0,(anonymous_15)
FNDA:0,(anonymous_16)
FNDA:0,(anonymous_17)
FNDA:0,(anonymous_18)
FNDA:0,(anonymous_19)
FNDA:0,(anonymous_20)
FNDA:0,(anonymous_21)
FNDA:0,(anonymous_22)
FNDA:0,(anonymous_23)
FNDA:0,(anonymous_24)
FNDA:0,(anonymous_25)
FNDA:0,(anonymous_26)
FNDA:0,(anonymous_27)
FNDA:0,(anonymous_28)
FNDA:0,(anonymous_29)
FNDA:0,(anonymous_30)
FNDA:0,(anonymous_31)
FNDA:0,(anonymous_32)
FNDA:0,(anonymous_33)
FNDA:0,(anonymous_34)
FNDA:0,(anonymous_35)
FNDA:0,(anonymous_36)
FNDA:0,(anonymous_37)
FNDA:0,cascadeDelete
DA:27,0
DA:28,0
DA:31,0
DA:33,0
DA:35,0
DA:37,0
DA:39,0
DA:42,0
DA:46,0
DA:47,0
DA:48,0
DA:49,0
DA:50,0
DA:54,0
DA:57,0
DA:58,0
DA:59,0
DA:60,0
DA:63,0
DA:64,0
DA:65,0
DA:66,0
DA:79,0
DA:80,0
DA:82,0
DA:84,0
DA:86,0
DA:90,0
DA:91,0
DA:97,0
DA:98,0
DA:99,0
DA:100,0
DA:101,0
DA:105,0
DA:106,0
DA:109,0
DA:110,0
DA:120,0
DA:121,0
DA:122,0
DA:123,0
DA:127,0
DA:129,0
DA:132,0
DA:133,0
DA:134,0
DA:135,0
DA:136,0
DA:137,0
DA:139,0
DA:141,0
DA:146,0
DA:147,0
DA:148,0
DA:149,0
DA:150,0
DA:151,0
DA:152,0
DA:156,0
DA:158,0
DA:161,0
DA:162,0
DA:164,0
DA:166,0
DA:171,0
DA:172,0
DA:173,0
DA:174,0
DA:178,0
DA:180,0
DA:181,0
DA:183,0
DA:184,0
DA:186,0
DA:188,0
DA:199,0
DA:200,0
DA:201,0
DA:202,0
DA:204,0
DA:205,0
DA:206,0
DA:207,0
DA:208,0
DA:209,0
DA:210,0
DA:212,0
DA:214,0
DA:219,0
DA:220,0
DA:221,0
DA:222,0
DA:223,0
DA:225,0
DA:226,0
DA:227,0
DA:228,0
DA:229,0
DA:230,0
DA:232,0
DA:233,0
DA:234,0
DA:235,0
DA:237,0
DA:239,0
DA:244,0
DA:245,0
DA:246,0
DA:247,0
DA:249,0
DA:250,0
DA:251,0
DA:252,0
DA:253,0
DA:254,0
DA:255,0
DA:256,0
DA:258,0
DA:259,0
DA:260,0
DA:261,0
DA:263,0
DA:265,0
DA:271,0
DA:272,0
DA:282,0
DA:283,0
DA:284,0
DA:286,0
DA:324,0
DA:339,0
DA:362,0
DA:377,0
DA:382,0
DA:388,0
DA:401,0
DA:404,0
DA:436,0
DA:437,0
DA:440,0
DA:441,0
DA:444,0
DA:445,0
DA:448,0
DA:449,0
DA:452,0
DA:457,0
DA:458,0
DA:459,0
DA:460,0
DA:461,0
LF:152
LH:0
BRDA:54,0,0,0
BRDA:54,0,1,0
BRDA:60,1,0,0
BRDA:60,1,1,0
BRDA:60,2,0,0
BRDA:60,2,1,0
BRDA:68,3,0,0
BRDA:68,3,1,0
BRDA:69,4,0,0
BRDA:69,4,1,0
BRDA:70,5,0,0
BRDA:70,5,1,0
BRDA:71,6,0,0
BRDA:71,6,1,0
BRDA:73,7,0,0
BRDA:73,7,1,0
BRDA:73,8,0,0
BRDA:73,8,1,0
BRDA:73,8,2,0
BRDA:79,9,0,0
BRDA:79,9,1,0
BRDA:79,10,0,0
BRDA:79,10,1,0
BRDA:82,11,0,0
BRDA:82,11,1,0
BRDA:84,12,0,0
BRDA:84,12,1,0
BRDA:91,13,0,0
BRDA:91,13,1,0
BRDA:91,13,2,0
BRDA:100,14,0,0
BRDA:100,14,1,0
BRDA:128,15,0,0
BRDA:128,15,1,0
BRDA:147,16,0,0
BRDA:147,16,1,0
BRDA:157,17,0,0
BRDA:157,17,1,0
BRDA:200,18,0,0
BRDA:200,18,1,0
BRDA:220,19,0,0
BRDA:220,19,1,0
BRDA:221,20,0,0
BRDA:221,20,1,0
BRDA:245,21,0,0
BRDA:245,21,1,0
BRDA:249,22,0,0
BRDA:249,22,1,0
BRDA:271,23,0,0
BRDA:271,23,1,0
BRDA:303,24,0,0
BRDA:303,24,1,0
BRDA:312,25,0,0
BRDA:312,25,1,0
BRDA:319,26,0,0
BRDA:319,26,1,0
BRDA:347,27,0,0
BRDA:347,27,1,0
BRDA:349,28,0,0
BRDA:349,28,1,0
BRDA:361,29,0,0
BRDA:361,29,1,0
BRDA:362,30,0,0
BRDA:362,30,1,0
BRDA:377,31,0,0
BRDA:377,31,1,0
BRDA:393,32,0,0
BRDA:393,32,1,0
BRDA:394,33,0,0
BRDA:394,33,1,0
BRDA:396,34,0,0
BRDA:396,34,1,0
BRDA:398,35,0,0
BRDA:398,35,1,0
BRDA:404,36,0,0
BRDA:404,36,1,0
BRDA:413,37,0,0
BRDA:413,37,1,0
BRF:78
BRH:0
end_of_record
TN:
SF:src/pages/superadmin/InvitationsTab.tsx
FN:7,InvitationsTab
FN:15,(anonymous_1)
FN:19,(anonymous_2)
FN:26,(anonymous_3)
FN:28,(anonymous_4)
FN:33,(anonymous_5)
FN:33,(anonymous_6)
FN:38,(anonymous_7)
FN:41,(anonymous_8)
FN:53,(anonymous_9)
FN:64,(anonymous_10)
FN:99,(anonymous_11)
FN:112,(anonymous_12)
FNF:13
FNH:0
FNDA:0,InvitationsTab
FNDA:0,(anonymous_1)
FNDA:0,(anonymous_2)
FNDA:0,(anonymous_3)
FNDA:0,(anonymous_4)
FNDA:0,(anonymous_5)
FNDA:0,(anonymous_6)
FNDA:0,(anonymous_7)
FNDA:0,(anonymous_8)
FNDA:0,(anonymous_9)
FNDA:0,(anonymous_10)
FNDA:0,(anonymous_11)
FNDA:0,(anonymous_12)
DA:7,0
DA:8,0
DA:9,0
DA:10,0
DA:11,0
DA:12,0
DA:13,0
DA:15,0
DA:16,0
DA:17,0
DA:18,0
DA:19,0
DA:20,0
DA:21,0
DA:22,0
DA:23,0
DA:26,0
DA:28,0
DA:29,0
DA:30,0
DA:31,0
DA:32,0
DA:33,0
DA:34,0
DA:35,0
DA:38,0
DA:39,0
DA:40,0
DA:41,0
DA:42,0
DA:43,0
DA:44,0
DA:45,0
DA:46,0
DA:47,0
DA:48,0
DA:49,0
DA:52,0
DA:53,0
DA:54,0
DA:57,0
DA:59,0
DA:64,0
DA:100,0
DA:112,0
LF:45
LH:0
BRDA:29,0,0,0
BRDA:29,0,1,0
BRDA:57,1,0,0
BRDA:57,1,1,0
BRDA:61,2,0,0
BRDA:61,2,1,0
BRDA:83,3,0,0
BRDA:83,3,1,0
BRDA:85,4,0,0
BRDA:85,4,1,0
BRDA:104,5,0,0
BRDA:104,5,1,0
BRDA:106,6,0,0
BRDA:106,6,1,0
BRDA:106,7,0,0
BRDA:106,7,1,0
BRDA:106,7,2,0
BRDA:113,8,0,0
BRDA:113,8,1,0
BRF:19
BRH:0
end_of_record
TN:
SF:src/pages/superadmin/SettingsTab.tsx
FN:7,SettingsTab
FN:10,(anonymous_1)
FN:12,(anonymous_2)
FN:49,(anonymous_3)
FNF:4
FNH:0
FNDA:0,SettingsTab
FNDA:0,(anonymous_1)
FNDA:0,(anonymous_2)
FNDA:0,(anonymous_3)
DA:7,0
DA:8,0
DA:9,0
DA:10,0
DA:12,0
DA:13,0
DA:14,0
DA:17,0
DA:49,0
LF:9
LH:0
BRDA:24,0,0,0
BRDA:24,0,1,0
BRDA:29,1,0,0
BRDA:29,1,1,0
BRDA:35,2,0,0
BRDA:35,2,1,0
BRDA:41,3,0,0
BRDA:41,3,1,0
BRDA:41,4,0,0
BRDA:41,4,1,0
BRF:10
BRH:0
end_of_record
TN:
SF:src/pages/superadmin/TokensTab.tsx
FN:6,TokensTab
FN:13,(anonymous_1)
FN:17,(anonymous_2)
FN:29,(anonymous_3)
FN:31,(anonymous_4)
FN:44,(anonymous_5)
FN:56,(anonymous_6)
FN:89,(anonymous_7)
FN:107,(anonymous_8)
FNF:9
FNH:0
FNDA:0,TokensTab
FNDA:0,(anonymous_1)
FNDA:0,(anonymous_2)
FNDA:0,(anonymous_3)
FNDA:0,(anonymous_4)
FNDA:0,(anonymous_5)
FNDA:0,(anonymous_6)
FNDA:0,(anonymous_7)
FNDA:0,(anonymous_8)
DA:6,0
DA:7,0
DA:8,0
DA:9,0
DA:10,0
DA:11,0
DA:13,0
DA:14,0
DA:15,0
DA:16,0
DA:17,0
DA:21,0
DA:23,0
DA:25,0
DA:29,0
DA:31,0
DA:32,0
DA:33,0
DA:34,0
DA:35,0
DA:36,0
DA:37,0
DA:38,0
DA:40,0
DA:44,0
DA:45,0
DA:46,0
DA:47,0
DA:48,0
DA:49,0
DA:50,0
DA:51,0
DA:52,0
DA:53,0
DA:55,0
DA:56,0
DA:57,0
DA:58,0
DA:59,0
DA:61,0
DA:65,0
DA:66,0
DA:69,0
DA:90,0
DA:107,0
LF:45
LH:0
BRDA:19,0,0,0
BRDA:19,0,1,0
BRDA:32,1,0,0
BRDA:32,1,1,0
BRDA:45,2,0,0
BRDA:45,2,1,0
BRDA:51,3,0,0
BRDA:51,3,1,0
BRDA:65,4,0,0
BRDA:65,4,1,0
BRDA:83,5,0,0
BRDA:83,5,1,0
BRDA:116,6,0,0
BRDA:116,6,1,0
BRDA:117,7,0,0
BRDA:117,7,1,0
BRF:16
BRH:0
end_of_record
TN:
SF:src/types/index.ts
FNF:0
FNH:0
LF:0
LH:0
BRF:0
BRH:0
end_of_record
